2016-08-30 20:30:16,136 - Log4JLogChute initialized using file 'velocity.log'
2016-08-30 20:30:16,137 - Initializing Velocity, Calling init()...
2016-08-30 20:30:16,137 - Starting Apache Velocity v1.7 (compiled: 2010-11-19 12:14:37)
2016-08-30 20:30:16,137 - Default Properties File: org\apache\velocity\runtime\defaults\velocity.properties
2016-08-30 20:30:16,137 - Trying to use logger class org.apache.velocity.runtime.log.AvalonLogChute
2016-08-30 20:30:16,137 - Target log system for org.apache.velocity.runtime.log.AvalonLogChute is not available (java.lang.NoClassDefFoundError: org/apache/log/format/Formatter).  Falling back to next log system...
2016-08-30 20:30:16,137 - Trying to use logger class org.apache.velocity.runtime.log.Log4JLogChute
2016-08-30 20:30:16,137 - Using logger class org.apache.velocity.runtime.log.Log4JLogChute
2016-08-30 20:30:16,140 - ResourceLoader instantiated: org.apache.velocity.runtime.resource.loader.FileResourceLoader
2016-08-30 20:30:16,141 - Do unicode file recognition:  false
2016-08-30 20:30:16,141 - FileResourceLoader : adding path '.'
2016-08-30 20:30:16,150 - ResourceCache: initialized (class org.apache.velocity.runtime.resource.ResourceCacheImpl) with class java.util.Collections$SynchronizedMap cache map.
2016-08-30 20:30:16,151 - Loaded System Directive: org.apache.velocity.runtime.directive.Stop
2016-08-30 20:30:16,152 - Loaded System Directive: org.apache.velocity.runtime.directive.Define
2016-08-30 20:30:16,152 - Loaded System Directive: org.apache.velocity.runtime.directive.Break
2016-08-30 20:30:16,153 - Loaded System Directive: org.apache.velocity.runtime.directive.Evaluate
2016-08-30 20:30:16,153 - Loaded System Directive: org.apache.velocity.runtime.directive.Literal
2016-08-30 20:30:16,154 - Loaded System Directive: org.apache.velocity.runtime.directive.Macro
2016-08-30 20:30:16,155 - Loaded System Directive: org.apache.velocity.runtime.directive.Parse
2016-08-30 20:30:16,156 - Loaded System Directive: org.apache.velocity.runtime.directive.Include
2016-08-30 20:30:16,156 - Loaded System Directive: org.apache.velocity.runtime.directive.Foreach
2016-08-30 20:30:16,177 - Created '20' parsers.
2016-08-30 20:30:16,183 - Velocimacro : "velocimacro.library" is not set.  Trying default library: VM_global_library.vm
2016-08-30 20:30:16,183 - Velocimacro : Default library not found.
2016-08-30 20:30:16,183 - Velocimacro : allowInline = true : VMs can be defined inline in templates
2016-08-30 20:30:16,184 - Velocimacro : allowInlineToOverride = false : VMs defined inline may NOT replace previous VM definitions
2016-08-30 20:30:16,184 - Velocimacro : allowInlineLocal = false : VMs defined inline will be global in scope if allowed.
2016-08-30 20:30:16,184 - Velocimacro : autoload off : VM system will not automatically reload global library macros
2016-08-30 20:35:49,018 - Log4JLogChute initialized using file 'velocity.log'
2016-08-30 20:35:49,018 - Initializing Velocity, Calling init()...
2016-08-30 20:35:49,018 - Starting Apache Velocity v1.7 (compiled: 2010-11-19 12:14:37)
2016-08-30 20:35:49,018 - Default Properties File: org\apache\velocity\runtime\defaults\velocity.properties
2016-08-30 20:35:49,018 - Trying to use logger class org.apache.velocity.runtime.log.AvalonLogChute
2016-08-30 20:35:49,018 - Target log system for org.apache.velocity.runtime.log.AvalonLogChute is not available (java.lang.NoClassDefFoundError: org/apache/log/format/Formatter).  Falling back to next log system...
2016-08-30 20:35:49,018 - Trying to use logger class org.apache.velocity.runtime.log.Log4JLogChute
2016-08-30 20:35:49,018 - Using logger class org.apache.velocity.runtime.log.Log4JLogChute
2016-08-30 20:35:49,022 - ResourceLoader instantiated: org.apache.velocity.runtime.resource.loader.FileResourceLoader
2016-08-30 20:35:49,022 - Do unicode file recognition:  false
2016-08-30 20:35:49,022 - FileResourceLoader : adding path '.'
2016-08-30 20:35:49,029 - ResourceCache: initialized (class org.apache.velocity.runtime.resource.ResourceCacheImpl) with class java.util.Collections$SynchronizedMap cache map.
2016-08-30 20:35:49,030 - Loaded System Directive: org.apache.velocity.runtime.directive.Stop
2016-08-30 20:35:49,031 - Loaded System Directive: org.apache.velocity.runtime.directive.Define
2016-08-30 20:35:49,031 - Loaded System Directive: org.apache.velocity.runtime.directive.Break
2016-08-30 20:35:49,032 - Loaded System Directive: org.apache.velocity.runtime.directive.Evaluate
2016-08-30 20:35:49,032 - Loaded System Directive: org.apache.velocity.runtime.directive.Literal
2016-08-30 20:35:49,033 - Loaded System Directive: org.apache.velocity.runtime.directive.Macro
2016-08-30 20:35:49,033 - Loaded System Directive: org.apache.velocity.runtime.directive.Parse
2016-08-30 20:35:49,034 - Loaded System Directive: org.apache.velocity.runtime.directive.Include
2016-08-30 20:35:49,035 - Loaded System Directive: org.apache.velocity.runtime.directive.Foreach
2016-08-30 20:35:49,054 - Created '20' parsers.
2016-08-30 20:35:49,058 - Velocimacro : "velocimacro.library" is not set.  Trying default library: VM_global_library.vm
2016-08-30 20:35:49,058 - Velocimacro : Default library not found.
2016-08-30 20:35:49,058 - Velocimacro : allowInline = true : VMs can be defined inline in templates
2016-08-30 20:35:49,058 - Velocimacro : allowInlineToOverride = false : VMs defined inline may NOT replace previous VM definitions
2016-08-30 20:35:49,058 - Velocimacro : allowInlineLocal = false : VMs defined inline will be global in scope if allowed.
2016-08-30 20:35:49,058 - Velocimacro : autoload off : VM system will not automatically reload global library macros
2016-08-30 20:55:43,426 - Log4JLogChute initialized using file 'velocity.log'
2016-08-30 20:55:43,427 - Initializing Velocity, Calling init()...
2016-08-30 20:55:43,427 - Starting Apache Velocity v1.7 (compiled: 2010-11-19 12:14:37)
2016-08-30 20:55:43,427 - Default Properties File: org\apache\velocity\runtime\defaults\velocity.properties
2016-08-30 20:55:43,427 - Trying to use logger class org.apache.velocity.runtime.log.AvalonLogChute
2016-08-30 20:55:43,427 - Target log system for org.apache.velocity.runtime.log.AvalonLogChute is not available (java.lang.NoClassDefFoundError: org/apache/log/format/Formatter).  Falling back to next log system...
2016-08-30 20:55:43,427 - Trying to use logger class org.apache.velocity.runtime.log.Log4JLogChute
2016-08-30 20:55:43,427 - Using logger class org.apache.velocity.runtime.log.Log4JLogChute
2016-08-30 20:55:43,430 - ResourceLoader instantiated: org.apache.velocity.runtime.resource.loader.FileResourceLoader
2016-08-30 20:55:43,431 - Do unicode file recognition:  false
2016-08-30 20:55:43,431 - FileResourceLoader : adding path '.'
2016-08-30 20:55:43,437 - ResourceCache: initialized (class org.apache.velocity.runtime.resource.ResourceCacheImpl) with class java.util.Collections$SynchronizedMap cache map.
2016-08-30 20:55:43,438 - Loaded System Directive: org.apache.velocity.runtime.directive.Stop
2016-08-30 20:55:43,439 - Loaded System Directive: org.apache.velocity.runtime.directive.Define
2016-08-30 20:55:43,439 - Loaded System Directive: org.apache.velocity.runtime.directive.Break
2016-08-30 20:55:43,440 - Loaded System Directive: org.apache.velocity.runtime.directive.Evaluate
2016-08-30 20:55:43,440 - Loaded System Directive: org.apache.velocity.runtime.directive.Literal
2016-08-30 20:55:43,441 - Loaded System Directive: org.apache.velocity.runtime.directive.Macro
2016-08-30 20:55:43,441 - Loaded System Directive: org.apache.velocity.runtime.directive.Parse
2016-08-30 20:55:43,442 - Loaded System Directive: org.apache.velocity.runtime.directive.Include
2016-08-30 20:55:43,443 - Loaded System Directive: org.apache.velocity.runtime.directive.Foreach
2016-08-30 20:55:43,462 - Created '20' parsers.
2016-08-30 20:55:43,466 - Velocimacro : "velocimacro.library" is not set.  Trying default library: VM_global_library.vm
2016-08-30 20:55:43,466 - Velocimacro : Default library not found.
2016-08-30 20:55:43,466 - Velocimacro : allowInline = true : VMs can be defined inline in templates
2016-08-30 20:55:43,466 - Velocimacro : allowInlineToOverride = false : VMs defined inline may NOT replace previous VM definitions
2016-08-30 20:55:43,466 - Velocimacro : allowInlineLocal = false : VMs defined inline will be global in scope if allowed.
2016-08-30 20:55:43,466 - Velocimacro : autoload off : VM system will not automatically reload global library macros
2016-08-30 20:56:03,874 - Log4JLogChute initialized using file 'velocity.log'
2016-08-30 20:56:03,875 - Initializing Velocity, Calling init()...
2016-08-30 20:56:03,875 - Starting Apache Velocity v1.7 (compiled: 2010-11-19 12:14:37)
2016-08-30 20:56:03,875 - Default Properties File: org\apache\velocity\runtime\defaults\velocity.properties
2016-08-30 20:56:03,875 - Trying to use logger class org.apache.velocity.runtime.log.AvalonLogChute
2016-08-30 20:56:03,875 - Target log system for org.apache.velocity.runtime.log.AvalonLogChute is not available (java.lang.NoClassDefFoundError: org/apache/log/format/Formatter).  Falling back to next log system...
2016-08-30 20:56:03,875 - Trying to use logger class org.apache.velocity.runtime.log.Log4JLogChute
2016-08-30 20:56:03,875 - Using logger class org.apache.velocity.runtime.log.Log4JLogChute
2016-08-30 20:56:03,878 - ResourceLoader instantiated: org.apache.velocity.runtime.resource.loader.FileResourceLoader
2016-08-30 20:56:03,879 - Do unicode file recognition:  false
2016-08-30 20:56:03,879 - FileResourceLoader : adding path '.'
2016-08-30 20:56:03,889 - ResourceCache: initialized (class org.apache.velocity.runtime.resource.ResourceCacheImpl) with class java.util.Collections$SynchronizedMap cache map.
2016-08-30 20:56:03,890 - Loaded System Directive: org.apache.velocity.runtime.directive.Stop
2016-08-30 20:56:03,890 - Loaded System Directive: org.apache.velocity.runtime.directive.Define
2016-08-30 20:56:03,891 - Loaded System Directive: org.apache.velocity.runtime.directive.Break
2016-08-30 20:56:03,891 - Loaded System Directive: org.apache.velocity.runtime.directive.Evaluate
2016-08-30 20:56:03,891 - Loaded System Directive: org.apache.velocity.runtime.directive.Literal
2016-08-30 20:56:03,892 - Loaded System Directive: org.apache.velocity.runtime.directive.Macro
2016-08-30 20:56:03,893 - Loaded System Directive: org.apache.velocity.runtime.directive.Parse
2016-08-30 20:56:03,894 - Loaded System Directive: org.apache.velocity.runtime.directive.Include
2016-08-30 20:56:03,894 - Loaded System Directive: org.apache.velocity.runtime.directive.Foreach
2016-08-30 20:56:03,913 - Created '20' parsers.
2016-08-30 20:56:03,917 - Velocimacro : "velocimacro.library" is not set.  Trying default library: VM_global_library.vm
2016-08-30 20:56:03,917 - Velocimacro : Default library not found.
2016-08-30 20:56:03,917 - Velocimacro : allowInline = true : VMs can be defined inline in templates
2016-08-30 20:56:03,917 - Velocimacro : allowInlineToOverride = false : VMs defined inline may NOT replace previous VM definitions
2016-08-30 20:56:03,917 - Velocimacro : allowInlineLocal = false : VMs defined inline will be global in scope if allowed.
2016-08-30 20:56:03,917 - Velocimacro : autoload off : VM system will not automatically reload global library macros
2016-08-30 20:56:49,284 - Log4JLogChute initialized using file 'velocity.log'
2016-08-30 20:56:49,285 - Initializing Velocity, Calling init()...
2016-08-30 20:56:49,285 - Starting Apache Velocity v1.7 (compiled: 2010-11-19 12:14:37)
2016-08-30 20:56:49,285 - Default Properties File: org\apache\velocity\runtime\defaults\velocity.properties
2016-08-30 20:56:49,285 - Trying to use logger class org.apache.velocity.runtime.log.AvalonLogChute
2016-08-30 20:56:49,285 - Target log system for org.apache.velocity.runtime.log.AvalonLogChute is not available (java.lang.NoClassDefFoundError: org/apache/log/format/Formatter).  Falling back to next log system...
2016-08-30 20:56:49,285 - Trying to use logger class org.apache.velocity.runtime.log.Log4JLogChute
2016-08-30 20:56:49,285 - Using logger class org.apache.velocity.runtime.log.Log4JLogChute
2016-08-30 20:56:49,288 - ResourceLoader instantiated: org.apache.velocity.runtime.resource.loader.FileResourceLoader
2016-08-30 20:56:49,289 - Do unicode file recognition:  false
2016-08-30 20:56:49,289 - FileResourceLoader : adding path '.'
2016-08-30 20:56:49,296 - ResourceCache: initialized (class org.apache.velocity.runtime.resource.ResourceCacheImpl) with class java.util.Collections$SynchronizedMap cache map.
2016-08-30 20:56:49,297 - Loaded System Directive: org.apache.velocity.runtime.directive.Stop
2016-08-30 20:56:49,298 - Loaded System Directive: org.apache.velocity.runtime.directive.Define
2016-08-30 20:56:49,298 - Loaded System Directive: org.apache.velocity.runtime.directive.Break
2016-08-30 20:56:49,299 - Loaded System Directive: org.apache.velocity.runtime.directive.Evaluate
2016-08-30 20:56:49,299 - Loaded System Directive: org.apache.velocity.runtime.directive.Literal
2016-08-30 20:56:49,300 - Loaded System Directive: org.apache.velocity.runtime.directive.Macro
2016-08-30 20:56:49,300 - Loaded System Directive: org.apache.velocity.runtime.directive.Parse
2016-08-30 20:56:49,301 - Loaded System Directive: org.apache.velocity.runtime.directive.Include
2016-08-30 20:56:49,302 - Loaded System Directive: org.apache.velocity.runtime.directive.Foreach
2016-08-30 20:56:49,320 - Created '20' parsers.
2016-08-30 20:56:49,324 - Velocimacro : "velocimacro.library" is not set.  Trying default library: VM_global_library.vm
2016-08-30 20:56:49,324 - Velocimacro : Default library not found.
2016-08-30 20:56:49,324 - Velocimacro : allowInline = true : VMs can be defined inline in templates
2016-08-30 20:56:49,324 - Velocimacro : allowInlineToOverride = false : VMs defined inline may NOT replace previous VM definitions
2016-08-30 20:56:49,324 - Velocimacro : allowInlineLocal = false : VMs defined inline will be global in scope if allowed.
2016-08-30 20:56:49,324 - Velocimacro : autoload off : VM system will not automatically reload global library macros
2016-08-30 20:57:07,965 - Log4JLogChute initialized using file 'velocity.log'
2016-08-30 20:57:07,965 - Initializing Velocity, Calling init()...
2016-08-30 20:57:07,965 - Starting Apache Velocity v1.7 (compiled: 2010-11-19 12:14:37)
2016-08-30 20:57:07,965 - Default Properties File: org\apache\velocity\runtime\defaults\velocity.properties
2016-08-30 20:57:07,965 - Trying to use logger class org.apache.velocity.runtime.log.AvalonLogChute
2016-08-30 20:57:07,965 - Target log system for org.apache.velocity.runtime.log.AvalonLogChute is not available (java.lang.NoClassDefFoundError: org/apache/log/format/Formatter).  Falling back to next log system...
2016-08-30 20:57:07,965 - Trying to use logger class org.apache.velocity.runtime.log.Log4JLogChute
2016-08-30 20:57:07,966 - Using logger class org.apache.velocity.runtime.log.Log4JLogChute
2016-08-30 20:57:07,969 - ResourceLoader instantiated: org.apache.velocity.runtime.resource.loader.FileResourceLoader
2016-08-30 20:57:07,969 - Do unicode file recognition:  false
2016-08-30 20:57:07,969 - FileResourceLoader : adding path '.'
2016-08-30 20:57:07,977 - ResourceCache: initialized (class org.apache.velocity.runtime.resource.ResourceCacheImpl) with class java.util.Collections$SynchronizedMap cache map.
2016-08-30 20:57:07,977 - Loaded System Directive: org.apache.velocity.runtime.directive.Stop
2016-08-30 20:57:07,978 - Loaded System Directive: org.apache.velocity.runtime.directive.Define
2016-08-30 20:57:07,979 - Loaded System Directive: org.apache.velocity.runtime.directive.Break
2016-08-30 20:57:07,980 - Loaded System Directive: org.apache.velocity.runtime.directive.Evaluate
2016-08-30 20:57:07,980 - Loaded System Directive: org.apache.velocity.runtime.directive.Literal
2016-08-30 20:57:07,981 - Loaded System Directive: org.apache.velocity.runtime.directive.Macro
2016-08-30 20:57:07,982 - Loaded System Directive: org.apache.velocity.runtime.directive.Parse
2016-08-30 20:57:07,983 - Loaded System Directive: org.apache.velocity.runtime.directive.Include
2016-08-30 20:57:07,984 - Loaded System Directive: org.apache.velocity.runtime.directive.Foreach
2016-08-30 20:57:08,005 - Created '20' parsers.
2016-08-30 20:57:08,008 - Velocimacro : "velocimacro.library" is not set.  Trying default library: VM_global_library.vm
2016-08-30 20:57:08,008 - Velocimacro : Default library not found.
2016-08-30 20:57:08,008 - Velocimacro : allowInline = true : VMs can be defined inline in templates
2016-08-30 20:57:08,009 - Velocimacro : allowInlineToOverride = false : VMs defined inline may NOT replace previous VM definitions
2016-08-30 20:57:08,009 - Velocimacro : allowInlineLocal = false : VMs defined inline will be global in scope if allowed.
2016-08-30 20:57:08,009 - Velocimacro : autoload off : VM system will not automatically reload global library macros
2016-08-30 21:30:30,138 - Log4JLogChute initialized using file 'velocity.log'
2016-08-30 21:30:30,139 - Initializing Velocity, Calling init()...
2016-08-30 21:30:30,139 - Starting Apache Velocity v1.7 (compiled: 2010-11-19 12:14:37)
2016-08-30 21:30:30,139 - Default Properties File: org\apache\velocity\runtime\defaults\velocity.properties
2016-08-30 21:30:30,139 - Trying to use logger class org.apache.velocity.runtime.log.AvalonLogChute
2016-08-30 21:30:30,139 - Target log system for org.apache.velocity.runtime.log.AvalonLogChute is not available (java.lang.NoClassDefFoundError: org/apache/log/format/Formatter).  Falling back to next log system...
2016-08-30 21:30:30,139 - Trying to use logger class org.apache.velocity.runtime.log.Log4JLogChute
2016-08-30 21:30:30,139 - Using logger class org.apache.velocity.runtime.log.Log4JLogChute
2016-08-30 21:30:30,142 - ResourceLoader instantiated: org.apache.velocity.runtime.resource.loader.FileResourceLoader
2016-08-30 21:30:30,143 - Do unicode file recognition:  false
2016-08-30 21:30:30,143 - FileResourceLoader : adding path '.'
2016-08-30 21:30:30,151 - ResourceCache: initialized (class org.apache.velocity.runtime.resource.ResourceCacheImpl) with class java.util.Collections$SynchronizedMap cache map.
2016-08-30 21:30:30,152 - Loaded System Directive: org.apache.velocity.runtime.directive.Stop
2016-08-30 21:30:30,153 - Loaded System Directive: org.apache.velocity.runtime.directive.Define
2016-08-30 21:30:30,153 - Loaded System Directive: org.apache.velocity.runtime.directive.Break
2016-08-30 21:30:30,154 - Loaded System Directive: org.apache.velocity.runtime.directive.Evaluate
2016-08-30 21:30:30,154 - Loaded System Directive: org.apache.velocity.runtime.directive.Literal
2016-08-30 21:30:30,155 - Loaded System Directive: org.apache.velocity.runtime.directive.Macro
2016-08-30 21:30:30,156 - Loaded System Directive: org.apache.velocity.runtime.directive.Parse
2016-08-30 21:30:30,157 - Loaded System Directive: org.apache.velocity.runtime.directive.Include
2016-08-30 21:30:30,157 - Loaded System Directive: org.apache.velocity.runtime.directive.Foreach
2016-08-30 21:30:30,178 - Created '20' parsers.
2016-08-30 21:30:30,182 - Velocimacro : "velocimacro.library" is not set.  Trying default library: VM_global_library.vm
2016-08-30 21:30:30,182 - Velocimacro : Default library not found.
2016-08-30 21:30:30,182 - Velocimacro : allowInline = true : VMs can be defined inline in templates
2016-08-30 21:30:30,182 - Velocimacro : allowInlineToOverride = false : VMs defined inline may NOT replace previous VM definitions
2016-08-30 21:30:30,182 - Velocimacro : allowInlineLocal = false : VMs defined inline will be global in scope if allowed.
2016-08-30 21:30:30,182 - Velocimacro : autoload off : VM system will not automatically reload global library macros
2016-08-30 21:45:19,000 - Log4JLogChute initialized using file 'velocity.log'
2016-08-30 21:45:19,000 - Initializing Velocity, Calling init()...
2016-08-30 21:45:19,000 - Starting Apache Velocity v1.7 (compiled: 2010-11-19 12:14:37)
2016-08-30 21:45:19,000 - Default Properties File: org\apache\velocity\runtime\defaults\velocity.properties
2016-08-30 21:45:19,000 - Trying to use logger class org.apache.velocity.runtime.log.AvalonLogChute
2016-08-30 21:45:19,000 - Target log system for org.apache.velocity.runtime.log.AvalonLogChute is not available (java.lang.NoClassDefFoundError: org/apache/log/format/Formatter).  Falling back to next log system...
2016-08-30 21:45:19,000 - Trying to use logger class org.apache.velocity.runtime.log.Log4JLogChute
2016-08-30 21:45:19,000 - Using logger class org.apache.velocity.runtime.log.Log4JLogChute
2016-08-30 21:45:19,005 - ResourceLoader instantiated: org.apache.velocity.runtime.resource.loader.FileResourceLoader
2016-08-30 21:45:19,006 - Do unicode file recognition:  false
2016-08-30 21:45:19,007 - FileResourceLoader : adding path '.'
2016-08-30 21:45:19,016 - ResourceCache: initialized (class org.apache.velocity.runtime.resource.ResourceCacheImpl) with class java.util.Collections$SynchronizedMap cache map.
2016-08-30 21:45:19,018 - Loaded System Directive: org.apache.velocity.runtime.directive.Stop
2016-08-30 21:45:19,018 - Loaded System Directive: org.apache.velocity.runtime.directive.Define
2016-08-30 21:45:19,019 - Loaded System Directive: org.apache.velocity.runtime.directive.Break
2016-08-30 21:45:19,019 - Loaded System Directive: org.apache.velocity.runtime.directive.Evaluate
2016-08-30 21:45:19,020 - Loaded System Directive: org.apache.velocity.runtime.directive.Literal
2016-08-30 21:45:19,021 - Loaded System Directive: org.apache.velocity.runtime.directive.Macro
2016-08-30 21:45:19,022 - Loaded System Directive: org.apache.velocity.runtime.directive.Parse
2016-08-30 21:45:19,022 - Loaded System Directive: org.apache.velocity.runtime.directive.Include
2016-08-30 21:45:19,023 - Loaded System Directive: org.apache.velocity.runtime.directive.Foreach
2016-08-30 21:45:19,073 - Created '20' parsers.
2016-08-30 21:45:19,078 - Velocimacro : "velocimacro.library" is not set.  Trying default library: VM_global_library.vm
2016-08-30 21:45:19,078 - Velocimacro : Default library not found.
2016-08-30 21:45:19,078 - Velocimacro : allowInline = true : VMs can be defined inline in templates
2016-08-30 21:45:19,078 - Velocimacro : allowInlineToOverride = false : VMs defined inline may NOT replace previous VM definitions
2016-08-30 21:45:19,078 - Velocimacro : allowInlineLocal = false : VMs defined inline will be global in scope if allowed.
2016-08-30 21:45:19,078 - Velocimacro : autoload off : VM system will not automatically reload global library macros
2016-08-30 21:49:35,343 - Log4JLogChute initialized using file 'velocity.log'
2016-08-30 21:49:35,343 - Initializing Velocity, Calling init()...
2016-08-30 21:49:35,343 - Starting Apache Velocity v1.7 (compiled: 2010-11-19 12:14:37)
2016-08-30 21:49:35,343 - Default Properties File: org\apache\velocity\runtime\defaults\velocity.properties
2016-08-30 21:49:35,343 - Trying to use logger class org.apache.velocity.runtime.log.AvalonLogChute
2016-08-30 21:49:35,343 - Target log system for org.apache.velocity.runtime.log.AvalonLogChute is not available (java.lang.NoClassDefFoundError: org/apache/log/format/Formatter).  Falling back to next log system...
2016-08-30 21:49:35,343 - Trying to use logger class org.apache.velocity.runtime.log.Log4JLogChute
2016-08-30 21:49:35,343 - Using logger class org.apache.velocity.runtime.log.Log4JLogChute
2016-08-30 21:49:35,346 - ResourceLoader instantiated: org.apache.velocity.runtime.resource.loader.FileResourceLoader
2016-08-30 21:49:35,347 - Do unicode file recognition:  false
2016-08-30 21:49:35,347 - FileResourceLoader : adding path '.'
2016-08-30 21:49:35,355 - ResourceCache: initialized (class org.apache.velocity.runtime.resource.ResourceCacheImpl) with class java.util.Collections$SynchronizedMap cache map.
2016-08-30 21:49:35,356 - Loaded System Directive: org.apache.velocity.runtime.directive.Stop
2016-08-30 21:49:35,357 - Loaded System Directive: org.apache.velocity.runtime.directive.Define
2016-08-30 21:49:35,358 - Loaded System Directive: org.apache.velocity.runtime.directive.Break
2016-08-30 21:49:35,358 - Loaded System Directive: org.apache.velocity.runtime.directive.Evaluate
2016-08-30 21:49:35,358 - Loaded System Directive: org.apache.velocity.runtime.directive.Literal
2016-08-30 21:49:35,359 - Loaded System Directive: org.apache.velocity.runtime.directive.Macro
2016-08-30 21:49:35,360 - Loaded System Directive: org.apache.velocity.runtime.directive.Parse
2016-08-30 21:49:35,360 - Loaded System Directive: org.apache.velocity.runtime.directive.Include
2016-08-30 21:49:35,361 - Loaded System Directive: org.apache.velocity.runtime.directive.Foreach
2016-08-30 21:49:35,383 - Created '20' parsers.
2016-08-30 21:49:35,387 - Velocimacro : "velocimacro.library" is not set.  Trying default library: VM_global_library.vm
2016-08-30 21:49:35,387 - Velocimacro : Default library not found.
2016-08-30 21:49:35,387 - Velocimacro : allowInline = true : VMs can be defined inline in templates
2016-08-30 21:49:35,387 - Velocimacro : allowInlineToOverride = false : VMs defined inline may NOT replace previous VM definitions
2016-08-30 21:49:35,387 - Velocimacro : allowInlineLocal = false : VMs defined inline will be global in scope if allowed.
2016-08-30 21:49:35,387 - Velocimacro : autoload off : VM system will not automatically reload global library macros
2016-08-30 21:50:00,176 - Log4JLogChute initialized using file 'velocity.log'
2016-08-30 21:50:00,176 - Initializing Velocity, Calling init()...
2016-08-30 21:50:00,177 - Starting Apache Velocity v1.7 (compiled: 2010-11-19 12:14:37)
2016-08-30 21:50:00,177 - Default Properties File: org\apache\velocity\runtime\defaults\velocity.properties
2016-08-30 21:50:00,177 - Trying to use logger class org.apache.velocity.runtime.log.AvalonLogChute
2016-08-30 21:50:00,177 - Target log system for org.apache.velocity.runtime.log.AvalonLogChute is not available (java.lang.NoClassDefFoundError: org/apache/log/format/Formatter).  Falling back to next log system...
2016-08-30 21:50:00,177 - Trying to use logger class org.apache.velocity.runtime.log.Log4JLogChute
2016-08-30 21:50:00,177 - Using logger class org.apache.velocity.runtime.log.Log4JLogChute
2016-08-30 21:50:00,180 - ResourceLoader instantiated: org.apache.velocity.runtime.resource.loader.FileResourceLoader
2016-08-30 21:50:00,181 - Do unicode file recognition:  false
2016-08-30 21:50:00,181 - FileResourceLoader : adding path '.'
2016-08-30 21:50:00,191 - ResourceCache: initialized (class org.apache.velocity.runtime.resource.ResourceCacheImpl) with class java.util.Collections$SynchronizedMap cache map.
2016-08-30 21:50:00,192 - Loaded System Directive: org.apache.velocity.runtime.directive.Stop
2016-08-30 21:50:00,194 - Loaded System Directive: org.apache.velocity.runtime.directive.Define
2016-08-30 21:50:00,194 - Loaded System Directive: org.apache.velocity.runtime.directive.Break
2016-08-30 21:50:00,195 - Loaded System Directive: org.apache.velocity.runtime.directive.Evaluate
2016-08-30 21:50:00,196 - Loaded System Directive: org.apache.velocity.runtime.directive.Literal
2016-08-30 21:50:00,197 - Loaded System Directive: org.apache.velocity.runtime.directive.Macro
2016-08-30 21:50:00,198 - Loaded System Directive: org.apache.velocity.runtime.directive.Parse
2016-08-30 21:50:00,199 - Loaded System Directive: org.apache.velocity.runtime.directive.Include
2016-08-30 21:50:00,200 - Loaded System Directive: org.apache.velocity.runtime.directive.Foreach
2016-08-30 21:50:00,224 - Created '20' parsers.
2016-08-30 21:50:00,229 - Velocimacro : "velocimacro.library" is not set.  Trying default library: VM_global_library.vm
2016-08-30 21:50:00,230 - Velocimacro : Default library not found.
2016-08-30 21:50:00,230 - Velocimacro : allowInline = true : VMs can be defined inline in templates
2016-08-30 21:50:00,230 - Velocimacro : allowInlineToOverride = false : VMs defined inline may NOT replace previous VM definitions
2016-08-30 21:50:00,230 - Velocimacro : allowInlineLocal = false : VMs defined inline will be global in scope if allowed.
2016-08-30 21:50:00,230 - Velocimacro : autoload off : VM system will not automatically reload global library macros
2016-08-30 21:52:08,924 - Log4JLogChute initialized using file 'velocity.log'
2016-08-30 21:52:08,924 - Initializing Velocity, Calling init()...
2016-08-30 21:52:08,924 - Starting Apache Velocity v1.7 (compiled: 2010-11-19 12:14:37)
2016-08-30 21:52:08,924 - Default Properties File: org\apache\velocity\runtime\defaults\velocity.properties
2016-08-30 21:52:08,924 - Trying to use logger class org.apache.velocity.runtime.log.AvalonLogChute
2016-08-30 21:52:08,924 - Target log system for org.apache.velocity.runtime.log.AvalonLogChute is not available (java.lang.NoClassDefFoundError: org/apache/log/format/Formatter).  Falling back to next log system...
2016-08-30 21:52:08,924 - Trying to use logger class org.apache.velocity.runtime.log.Log4JLogChute
2016-08-30 21:52:08,924 - Using logger class org.apache.velocity.runtime.log.Log4JLogChute
2016-08-30 21:52:08,927 - ResourceLoader instantiated: org.apache.velocity.runtime.resource.loader.FileResourceLoader
2016-08-30 21:52:08,928 - Do unicode file recognition:  false
2016-08-30 21:52:08,928 - FileResourceLoader : adding path '.'
2016-08-30 21:52:08,936 - ResourceCache: initialized (class org.apache.velocity.runtime.resource.ResourceCacheImpl) with class java.util.Collections$SynchronizedMap cache map.
2016-08-30 21:52:08,937 - Loaded System Directive: org.apache.velocity.runtime.directive.Stop
2016-08-30 21:52:08,938 - Loaded System Directive: org.apache.velocity.runtime.directive.Define
2016-08-30 21:52:08,938 - Loaded System Directive: org.apache.velocity.runtime.directive.Break
2016-08-30 21:52:08,939 - Loaded System Directive: org.apache.velocity.runtime.directive.Evaluate
2016-08-30 21:52:08,939 - Loaded System Directive: org.apache.velocity.runtime.directive.Literal
2016-08-30 21:52:08,940 - Loaded System Directive: org.apache.velocity.runtime.directive.Macro
2016-08-30 21:52:08,941 - Loaded System Directive: org.apache.velocity.runtime.directive.Parse
2016-08-30 21:52:08,942 - Loaded System Directive: org.apache.velocity.runtime.directive.Include
2016-08-30 21:52:08,943 - Loaded System Directive: org.apache.velocity.runtime.directive.Foreach
2016-08-30 21:52:08,967 - Created '20' parsers.
2016-08-30 21:52:08,971 - Velocimacro : "velocimacro.library" is not set.  Trying default library: VM_global_library.vm
2016-08-30 21:52:08,971 - Velocimacro : Default library not found.
2016-08-30 21:52:08,971 - Velocimacro : allowInline = true : VMs can be defined inline in templates
2016-08-30 21:52:08,971 - Velocimacro : allowInlineToOverride = false : VMs defined inline may NOT replace previous VM definitions
2016-08-30 21:52:08,971 - Velocimacro : allowInlineLocal = false : VMs defined inline will be global in scope if allowed.
2016-08-30 21:52:08,971 - Velocimacro : autoload off : VM system will not automatically reload global library macros
2016-08-30 21:52:15,303 - Log4JLogChute initialized using file 'velocity.log'
2016-08-30 21:52:15,303 - Initializing Velocity, Calling init()...
2016-08-30 21:52:15,303 - Starting Apache Velocity v1.7 (compiled: 2010-11-19 12:14:37)
2016-08-30 21:52:15,303 - Default Properties File: org\apache\velocity\runtime\defaults\velocity.properties
2016-08-30 21:52:15,303 - Trying to use logger class org.apache.velocity.runtime.log.AvalonLogChute
2016-08-30 21:52:15,303 - Target log system for org.apache.velocity.runtime.log.AvalonLogChute is not available (java.lang.NoClassDefFoundError: org/apache/log/format/Formatter).  Falling back to next log system...
2016-08-30 21:52:15,303 - Trying to use logger class org.apache.velocity.runtime.log.Log4JLogChute
2016-08-30 21:52:15,303 - Using logger class org.apache.velocity.runtime.log.Log4JLogChute
2016-08-30 21:52:15,307 - ResourceLoader instantiated: org.apache.velocity.runtime.resource.loader.FileResourceLoader
2016-08-30 21:52:15,308 - Do unicode file recognition:  false
2016-08-30 21:52:15,308 - FileResourceLoader : adding path '.'
2016-08-30 21:52:15,317 - ResourceCache: initialized (class org.apache.velocity.runtime.resource.ResourceCacheImpl) with class java.util.Collections$SynchronizedMap cache map.
2016-08-30 21:52:15,318 - Loaded System Directive: org.apache.velocity.runtime.directive.Stop
2016-08-30 21:52:15,319 - Loaded System Directive: org.apache.velocity.runtime.directive.Define
2016-08-30 21:52:15,319 - Loaded System Directive: org.apache.velocity.runtime.directive.Break
2016-08-30 21:52:15,320 - Loaded System Directive: org.apache.velocity.runtime.directive.Evaluate
2016-08-30 21:52:15,320 - Loaded System Directive: org.apache.velocity.runtime.directive.Literal
2016-08-30 21:52:15,321 - Loaded System Directive: org.apache.velocity.runtime.directive.Macro
2016-08-30 21:52:15,322 - Loaded System Directive: org.apache.velocity.runtime.directive.Parse
2016-08-30 21:52:15,322 - Loaded System Directive: org.apache.velocity.runtime.directive.Include
2016-08-30 21:52:15,323 - Loaded System Directive: org.apache.velocity.runtime.directive.Foreach
2016-08-30 21:52:15,343 - Created '20' parsers.
2016-08-30 21:52:15,347 - Velocimacro : "velocimacro.library" is not set.  Trying default library: VM_global_library.vm
2016-08-30 21:52:15,348 - Velocimacro : Default library not found.
2016-08-30 21:52:15,348 - Velocimacro : allowInline = true : VMs can be defined inline in templates
2016-08-30 21:52:15,348 - Velocimacro : allowInlineToOverride = false : VMs defined inline may NOT replace previous VM definitions
2016-08-30 21:52:15,348 - Velocimacro : allowInlineLocal = false : VMs defined inline will be global in scope if allowed.
2016-08-30 21:52:15,348 - Velocimacro : autoload off : VM system will not automatically reload global library macros
2016-08-31 09:40:45,933 - Log4JLogChute initialized using file 'velocity.log'
2016-08-31 09:40:46,012 - Initializing Velocity, Calling init()...
2016-08-31 09:40:46,012 - Starting Apache Velocity v1.7 (compiled: 2010-11-19 12:14:37)
2016-08-31 09:40:46,012 - Default Properties File: org\apache\velocity\runtime\defaults\velocity.properties
2016-08-31 09:40:46,012 - Trying to use logger class org.apache.velocity.runtime.log.AvalonLogChute
2016-08-31 09:40:46,012 - Target log system for org.apache.velocity.runtime.log.AvalonLogChute is not available (java.lang.NoClassDefFoundError: org/apache/log/format/Formatter).  Falling back to next log system...
2016-08-31 09:40:46,012 - Trying to use logger class org.apache.velocity.runtime.log.Log4JLogChute
2016-08-31 09:40:46,012 - Using logger class org.apache.velocity.runtime.log.Log4JLogChute
2016-08-31 09:40:46,016 - ResourceLoader instantiated: org.apache.velocity.runtime.resource.loader.FileResourceLoader
2016-08-31 09:40:46,016 - Do unicode file recognition:  false
2016-08-31 09:40:46,016 - FileResourceLoader : adding path '.'
2016-08-31 09:40:46,023 - ResourceCache: initialized (class org.apache.velocity.runtime.resource.ResourceCacheImpl) with class java.util.Collections$SynchronizedMap cache map.
2016-08-31 09:40:46,024 - Loaded System Directive: org.apache.velocity.runtime.directive.Stop
2016-08-31 09:40:46,025 - Loaded System Directive: org.apache.velocity.runtime.directive.Define
2016-08-31 09:40:46,025 - Loaded System Directive: org.apache.velocity.runtime.directive.Break
2016-08-31 09:40:46,025 - Loaded System Directive: org.apache.velocity.runtime.directive.Evaluate
2016-08-31 09:40:46,026 - Loaded System Directive: org.apache.velocity.runtime.directive.Literal
2016-08-31 09:40:46,026 - Loaded System Directive: org.apache.velocity.runtime.directive.Macro
2016-08-31 09:40:46,027 - Loaded System Directive: org.apache.velocity.runtime.directive.Parse
2016-08-31 09:40:46,028 - Loaded System Directive: org.apache.velocity.runtime.directive.Include
2016-08-31 09:40:46,028 - Loaded System Directive: org.apache.velocity.runtime.directive.Foreach
2016-08-31 09:40:46,047 - Created '20' parsers.
2016-08-31 09:40:46,050 - Velocimacro : "velocimacro.library" is not set.  Trying default library: VM_global_library.vm
2016-08-31 09:40:46,050 - Velocimacro : Default library not found.
2016-08-31 09:40:46,050 - Velocimacro : allowInline = true : VMs can be defined inline in templates
2016-08-31 09:40:46,050 - Velocimacro : allowInlineToOverride = false : VMs defined inline may NOT replace previous VM definitions
2016-08-31 09:40:46,050 - Velocimacro : allowInlineLocal = false : VMs defined inline will be global in scope if allowed.
2016-08-31 09:40:46,050 - Velocimacro : autoload off : VM system will not automatically reload global library macros
2016-08-31 09:43:15,258 - Log4JLogChute initialized using file 'velocity.log'
2016-08-31 09:43:15,258 - Initializing Velocity, Calling init()...
2016-08-31 09:43:15,258 - Starting Apache Velocity v1.7 (compiled: 2010-11-19 12:14:37)
2016-08-31 09:43:15,258 - Default Properties File: org\apache\velocity\runtime\defaults\velocity.properties
2016-08-31 09:43:15,258 - Trying to use logger class org.apache.velocity.runtime.log.AvalonLogChute
2016-08-31 09:43:15,258 - Target log system for org.apache.velocity.runtime.log.AvalonLogChute is not available (java.lang.NoClassDefFoundError: org/apache/log/format/Formatter).  Falling back to next log system...
2016-08-31 09:43:15,258 - Trying to use logger class org.apache.velocity.runtime.log.Log4JLogChute
2016-08-31 09:43:15,258 - Using logger class org.apache.velocity.runtime.log.Log4JLogChute
2016-08-31 09:43:15,261 - ResourceLoader instantiated: org.apache.velocity.runtime.resource.loader.FileResourceLoader
2016-08-31 09:43:15,262 - Do unicode file recognition:  false
2016-08-31 09:43:15,262 - FileResourceLoader : adding path '.'
2016-08-31 09:43:15,268 - ResourceCache: initialized (class org.apache.velocity.runtime.resource.ResourceCacheImpl) with class java.util.Collections$SynchronizedMap cache map.
2016-08-31 09:43:15,269 - Loaded System Directive: org.apache.velocity.runtime.directive.Stop
2016-08-31 09:43:15,270 - Loaded System Directive: org.apache.velocity.runtime.directive.Define
2016-08-31 09:43:15,270 - Loaded System Directive: org.apache.velocity.runtime.directive.Break
2016-08-31 09:43:15,271 - Loaded System Directive: org.apache.velocity.runtime.directive.Evaluate
2016-08-31 09:43:15,271 - Loaded System Directive: org.apache.velocity.runtime.directive.Literal
2016-08-31 09:43:15,272 - Loaded System Directive: org.apache.velocity.runtime.directive.Macro
2016-08-31 09:43:15,272 - Loaded System Directive: org.apache.velocity.runtime.directive.Parse
2016-08-31 09:43:15,273 - Loaded System Directive: org.apache.velocity.runtime.directive.Include
2016-08-31 09:43:15,274 - Loaded System Directive: org.apache.velocity.runtime.directive.Foreach
2016-08-31 09:43:15,292 - Created '20' parsers.
2016-08-31 09:43:15,296 - Velocimacro : "velocimacro.library" is not set.  Trying default library: VM_global_library.vm
2016-08-31 09:43:15,296 - Velocimacro : Default library not found.
2016-08-31 09:43:15,296 - Velocimacro : allowInline = true : VMs can be defined inline in templates
2016-08-31 09:43:15,296 - Velocimacro : allowInlineToOverride = false : VMs defined inline may NOT replace previous VM definitions
2016-08-31 09:43:15,296 - Velocimacro : allowInlineLocal = false : VMs defined inline will be global in scope if allowed.
2016-08-31 09:43:15,296 - Velocimacro : autoload off : VM system will not automatically reload global library macros
2016-08-31 10:15:40,023 - Log4JLogChute initialized using file 'velocity.log'
2016-08-31 10:15:40,023 - Initializing Velocity, Calling init()...
2016-08-31 10:15:40,023 - Starting Apache Velocity v1.7 (compiled: 2010-11-19 12:14:37)
2016-08-31 10:15:40,023 - Default Properties File: org\apache\velocity\runtime\defaults\velocity.properties
2016-08-31 10:15:40,023 - Trying to use logger class org.apache.velocity.runtime.log.AvalonLogChute
2016-08-31 10:15:40,023 - Target log system for org.apache.velocity.runtime.log.AvalonLogChute is not available (java.lang.NoClassDefFoundError: org/apache/log/format/Formatter).  Falling back to next log system...
2016-08-31 10:15:40,023 - Trying to use logger class org.apache.velocity.runtime.log.Log4JLogChute
2016-08-31 10:15:40,023 - Using logger class org.apache.velocity.runtime.log.Log4JLogChute
2016-08-31 10:15:40,029 - ResourceLoader instantiated: org.apache.velocity.runtime.resource.loader.FileResourceLoader
2016-08-31 10:15:40,030 - Do unicode file recognition:  false
2016-08-31 10:15:40,030 - FileResourceLoader : adding path '.'
2016-08-31 10:15:40,040 - ResourceCache: initialized (class org.apache.velocity.runtime.resource.ResourceCacheImpl) with class java.util.Collections$SynchronizedMap cache map.
2016-08-31 10:15:40,042 - Loaded System Directive: org.apache.velocity.runtime.directive.Stop
2016-08-31 10:15:40,043 - Loaded System Directive: org.apache.velocity.runtime.directive.Define
2016-08-31 10:15:40,043 - Loaded System Directive: org.apache.velocity.runtime.directive.Break
2016-08-31 10:15:40,044 - Loaded System Directive: org.apache.velocity.runtime.directive.Evaluate
2016-08-31 10:15:40,044 - Loaded System Directive: org.apache.velocity.runtime.directive.Literal
2016-08-31 10:15:40,045 - Loaded System Directive: org.apache.velocity.runtime.directive.Macro
2016-08-31 10:15:40,046 - Loaded System Directive: org.apache.velocity.runtime.directive.Parse
2016-08-31 10:15:40,047 - Loaded System Directive: org.apache.velocity.runtime.directive.Include
2016-08-31 10:15:40,047 - Loaded System Directive: org.apache.velocity.runtime.directive.Foreach
2016-08-31 10:15:40,069 - Created '20' parsers.
2016-08-31 10:15:40,075 - Velocimacro : "velocimacro.library" is not set.  Trying default library: VM_global_library.vm
2016-08-31 10:15:40,075 - Velocimacro : Default library not found.
2016-08-31 10:15:40,075 - Velocimacro : allowInline = true : VMs can be defined inline in templates
2016-08-31 10:15:40,075 - Velocimacro : allowInlineToOverride = false : VMs defined inline may NOT replace previous VM definitions
2016-08-31 10:15:40,075 - Velocimacro : allowInlineLocal = false : VMs defined inline will be global in scope if allowed.
2016-08-31 10:15:40,075 - Velocimacro : autoload off : VM system will not automatically reload global library macros
2016-08-31 10:15:53,501 - Log4JLogChute initialized using file 'velocity.log'
2016-08-31 10:15:53,502 - Initializing Velocity, Calling init()...
2016-08-31 10:15:53,502 - Starting Apache Velocity v1.7 (compiled: 2010-11-19 12:14:37)
2016-08-31 10:15:53,502 - Default Properties File: org\apache\velocity\runtime\defaults\velocity.properties
2016-08-31 10:15:53,502 - Trying to use logger class org.apache.velocity.runtime.log.AvalonLogChute
2016-08-31 10:15:53,502 - Target log system for org.apache.velocity.runtime.log.AvalonLogChute is not available (java.lang.NoClassDefFoundError: org/apache/log/format/Formatter).  Falling back to next log system...
2016-08-31 10:15:53,502 - Trying to use logger class org.apache.velocity.runtime.log.Log4JLogChute
2016-08-31 10:15:53,502 - Using logger class org.apache.velocity.runtime.log.Log4JLogChute
2016-08-31 10:15:53,506 - ResourceLoader instantiated: org.apache.velocity.runtime.resource.loader.FileResourceLoader
2016-08-31 10:15:53,507 - Do unicode file recognition:  false
2016-08-31 10:15:53,507 - FileResourceLoader : adding path '.'
2016-08-31 10:15:53,516 - ResourceCache: initialized (class org.apache.velocity.runtime.resource.ResourceCacheImpl) with class java.util.Collections$SynchronizedMap cache map.
2016-08-31 10:15:53,517 - Loaded System Directive: org.apache.velocity.runtime.directive.Stop
2016-08-31 10:15:53,518 - Loaded System Directive: org.apache.velocity.runtime.directive.Define
2016-08-31 10:15:53,519 - Loaded System Directive: org.apache.velocity.runtime.directive.Break
2016-08-31 10:15:53,519 - Loaded System Directive: org.apache.velocity.runtime.directive.Evaluate
2016-08-31 10:15:53,520 - Loaded System Directive: org.apache.velocity.runtime.directive.Literal
2016-08-31 10:15:53,521 - Loaded System Directive: org.apache.velocity.runtime.directive.Macro
2016-08-31 10:15:53,522 - Loaded System Directive: org.apache.velocity.runtime.directive.Parse
2016-08-31 10:15:53,523 - Loaded System Directive: org.apache.velocity.runtime.directive.Include
2016-08-31 10:15:53,524 - Loaded System Directive: org.apache.velocity.runtime.directive.Foreach
2016-08-31 10:15:53,545 - Created '20' parsers.
2016-08-31 10:15:53,549 - Velocimacro : "velocimacro.library" is not set.  Trying default library: VM_global_library.vm
2016-08-31 10:15:53,549 - Velocimacro : Default library not found.
2016-08-31 10:15:53,549 - Velocimacro : allowInline = true : VMs can be defined inline in templates
2016-08-31 10:15:53,550 - Velocimacro : allowInlineToOverride = false : VMs defined inline may NOT replace previous VM definitions
2016-08-31 10:15:53,550 - Velocimacro : allowInlineLocal = false : VMs defined inline will be global in scope if allowed.
2016-08-31 10:15:53,550 - Velocimacro : autoload off : VM system will not automatically reload global library macros
2016-08-31 10:16:28,187 - Log4JLogChute initialized using file 'velocity.log'
2016-08-31 10:16:28,188 - Initializing Velocity, Calling init()...
2016-08-31 10:16:28,188 - Starting Apache Velocity v1.7 (compiled: 2010-11-19 12:14:37)
2016-08-31 10:16:28,188 - Default Properties File: org\apache\velocity\runtime\defaults\velocity.properties
2016-08-31 10:16:28,188 - Trying to use logger class org.apache.velocity.runtime.log.AvalonLogChute
2016-08-31 10:16:28,188 - Target log system for org.apache.velocity.runtime.log.AvalonLogChute is not available (java.lang.NoClassDefFoundError: org/apache/log/format/Formatter).  Falling back to next log system...
2016-08-31 10:16:28,188 - Trying to use logger class org.apache.velocity.runtime.log.Log4JLogChute
2016-08-31 10:16:28,188 - Using logger class org.apache.velocity.runtime.log.Log4JLogChute
2016-08-31 10:16:28,191 - ResourceLoader instantiated: org.apache.velocity.runtime.resource.loader.FileResourceLoader
2016-08-31 10:16:28,192 - Do unicode file recognition:  false
2016-08-31 10:16:28,192 - FileResourceLoader : adding path '.'
2016-08-31 10:16:28,199 - ResourceCache: initialized (class org.apache.velocity.runtime.resource.ResourceCacheImpl) with class java.util.Collections$SynchronizedMap cache map.
2016-08-31 10:16:28,201 - Loaded System Directive: org.apache.velocity.runtime.directive.Stop
2016-08-31 10:16:28,201 - Loaded System Directive: org.apache.velocity.runtime.directive.Define
2016-08-31 10:16:28,202 - Loaded System Directive: org.apache.velocity.runtime.directive.Break
2016-08-31 10:16:28,202 - Loaded System Directive: org.apache.velocity.runtime.directive.Evaluate
2016-08-31 10:16:28,203 - Loaded System Directive: org.apache.velocity.runtime.directive.Literal
2016-08-31 10:16:28,204 - Loaded System Directive: org.apache.velocity.runtime.directive.Macro
2016-08-31 10:16:28,204 - Loaded System Directive: org.apache.velocity.runtime.directive.Parse
2016-08-31 10:16:28,205 - Loaded System Directive: org.apache.velocity.runtime.directive.Include
2016-08-31 10:16:28,206 - Loaded System Directive: org.apache.velocity.runtime.directive.Foreach
2016-08-31 10:16:28,226 - Created '20' parsers.
2016-08-31 10:16:28,230 - Velocimacro : "velocimacro.library" is not set.  Trying default library: VM_global_library.vm
2016-08-31 10:16:28,230 - Velocimacro : Default library not found.
2016-08-31 10:16:28,230 - Velocimacro : allowInline = true : VMs can be defined inline in templates
2016-08-31 10:16:28,230 - Velocimacro : allowInlineToOverride = false : VMs defined inline may NOT replace previous VM definitions
2016-08-31 10:16:28,230 - Velocimacro : allowInlineLocal = false : VMs defined inline will be global in scope if allowed.
2016-08-31 10:16:28,230 - Velocimacro : autoload off : VM system will not automatically reload global library macros
2016-08-31 10:18:21,177 - Log4JLogChute initialized using file 'velocity.log'
2016-08-31 10:18:21,177 - Initializing Velocity, Calling init()...
2016-08-31 10:18:21,177 - Starting Apache Velocity v1.7 (compiled: 2010-11-19 12:14:37)
2016-08-31 10:18:21,177 - Default Properties File: org\apache\velocity\runtime\defaults\velocity.properties
2016-08-31 10:18:21,177 - Trying to use logger class org.apache.velocity.runtime.log.AvalonLogChute
2016-08-31 10:18:21,177 - Target log system for org.apache.velocity.runtime.log.AvalonLogChute is not available (java.lang.NoClassDefFoundError: org/apache/log/format/Formatter).  Falling back to next log system...
2016-08-31 10:18:21,177 - Trying to use logger class org.apache.velocity.runtime.log.Log4JLogChute
2016-08-31 10:18:21,178 - Using logger class org.apache.velocity.runtime.log.Log4JLogChute
2016-08-31 10:18:21,181 - ResourceLoader instantiated: org.apache.velocity.runtime.resource.loader.FileResourceLoader
2016-08-31 10:18:21,181 - Do unicode file recognition:  false
2016-08-31 10:18:21,181 - FileResourceLoader : adding path '.'
2016-08-31 10:18:21,189 - ResourceCache: initialized (class org.apache.velocity.runtime.resource.ResourceCacheImpl) with class java.util.Collections$SynchronizedMap cache map.
2016-08-31 10:18:21,190 - Loaded System Directive: org.apache.velocity.runtime.directive.Stop
2016-08-31 10:18:21,190 - Loaded System Directive: org.apache.velocity.runtime.directive.Define
2016-08-31 10:18:21,191 - Loaded System Directive: org.apache.velocity.runtime.directive.Break
2016-08-31 10:18:21,191 - Loaded System Directive: org.apache.velocity.runtime.directive.Evaluate
2016-08-31 10:18:21,191 - Loaded System Directive: org.apache.velocity.runtime.directive.Literal
2016-08-31 10:18:21,192 - Loaded System Directive: org.apache.velocity.runtime.directive.Macro
2016-08-31 10:18:21,193 - Loaded System Directive: org.apache.velocity.runtime.directive.Parse
2016-08-31 10:18:21,194 - Loaded System Directive: org.apache.velocity.runtime.directive.Include
2016-08-31 10:18:21,194 - Loaded System Directive: org.apache.velocity.runtime.directive.Foreach
2016-08-31 10:18:21,214 - Created '20' parsers.
2016-08-31 10:18:21,217 - Velocimacro : "velocimacro.library" is not set.  Trying default library: VM_global_library.vm
2016-08-31 10:18:21,217 - Velocimacro : Default library not found.
2016-08-31 10:18:21,217 - Velocimacro : allowInline = true : VMs can be defined inline in templates
2016-08-31 10:18:21,217 - Velocimacro : allowInlineToOverride = false : VMs defined inline may NOT replace previous VM definitions
2016-08-31 10:18:21,217 - Velocimacro : allowInlineLocal = false : VMs defined inline will be global in scope if allowed.
2016-08-31 10:18:21,217 - Velocimacro : autoload off : VM system will not automatically reload global library macros
2016-08-31 10:19:06,477 - Log4JLogChute initialized using file 'velocity.log'
2016-08-31 10:19:06,477 - Initializing Velocity, Calling init()...
2016-08-31 10:19:06,477 - Starting Apache Velocity v1.7 (compiled: 2010-11-19 12:14:37)
2016-08-31 10:19:06,477 - Default Properties File: org\apache\velocity\runtime\defaults\velocity.properties
2016-08-31 10:19:06,477 - Trying to use logger class org.apache.velocity.runtime.log.AvalonLogChute
2016-08-31 10:19:06,477 - Target log system for org.apache.velocity.runtime.log.AvalonLogChute is not available (java.lang.NoClassDefFoundError: org/apache/log/format/Formatter).  Falling back to next log system...
2016-08-31 10:19:06,481 - Trying to use logger class org.apache.velocity.runtime.log.Log4JLogChute
2016-08-31 10:19:06,481 - Using logger class org.apache.velocity.runtime.log.Log4JLogChute
2016-08-31 10:19:06,484 - ResourceLoader instantiated: org.apache.velocity.runtime.resource.loader.FileResourceLoader
2016-08-31 10:19:06,485 - Do unicode file recognition:  false
2016-08-31 10:19:06,485 - FileResourceLoader : adding path '.'
2016-08-31 10:19:06,492 - ResourceCache: initialized (class org.apache.velocity.runtime.resource.ResourceCacheImpl) with class java.util.Collections$SynchronizedMap cache map.
2016-08-31 10:19:06,493 - Loaded System Directive: org.apache.velocity.runtime.directive.Stop
2016-08-31 10:19:06,494 - Loaded System Directive: org.apache.velocity.runtime.directive.Define
2016-08-31 10:19:06,494 - Loaded System Directive: org.apache.velocity.runtime.directive.Break
2016-08-31 10:19:06,495 - Loaded System Directive: org.apache.velocity.runtime.directive.Evaluate
2016-08-31 10:19:06,495 - Loaded System Directive: org.apache.velocity.runtime.directive.Literal
2016-08-31 10:19:06,496 - Loaded System Directive: org.apache.velocity.runtime.directive.Macro
2016-08-31 10:19:06,497 - Loaded System Directive: org.apache.velocity.runtime.directive.Parse
2016-08-31 10:19:06,497 - Loaded System Directive: org.apache.velocity.runtime.directive.Include
2016-08-31 10:19:06,498 - Loaded System Directive: org.apache.velocity.runtime.directive.Foreach
2016-08-31 10:19:06,519 - Created '20' parsers.
2016-08-31 10:19:06,523 - Velocimacro : "velocimacro.library" is not set.  Trying default library: VM_global_library.vm
2016-08-31 10:19:06,524 - Velocimacro : Default library not found.
2016-08-31 10:19:06,524 - Velocimacro : allowInline = true : VMs can be defined inline in templates
2016-08-31 10:19:06,524 - Velocimacro : allowInlineToOverride = false : VMs defined inline may NOT replace previous VM definitions
2016-08-31 10:19:06,524 - Velocimacro : allowInlineLocal = false : VMs defined inline will be global in scope if allowed.
2016-08-31 10:19:06,524 - Velocimacro : autoload off : VM system will not automatically reload global library macros
2016-08-31 10:26:30,440 - Log4JLogChute initialized using file 'velocity.log'
2016-08-31 10:26:30,440 - Initializing Velocity, Calling init()...
2016-08-31 10:26:30,440 - Starting Apache Velocity v1.7 (compiled: 2010-11-19 12:14:37)
2016-08-31 10:26:30,440 - Default Properties File: org\apache\velocity\runtime\defaults\velocity.properties
2016-08-31 10:26:30,440 - Trying to use logger class org.apache.velocity.runtime.log.AvalonLogChute
2016-08-31 10:26:30,440 - Target log system for org.apache.velocity.runtime.log.AvalonLogChute is not available (java.lang.NoClassDefFoundError: org/apache/log/format/Formatter).  Falling back to next log system...
2016-08-31 10:26:30,440 - Trying to use logger class org.apache.velocity.runtime.log.Log4JLogChute
2016-08-31 10:26:30,440 - Using logger class org.apache.velocity.runtime.log.Log4JLogChute
2016-08-31 10:26:30,443 - ResourceLoader instantiated: org.apache.velocity.runtime.resource.loader.FileResourceLoader
2016-08-31 10:26:30,444 - Do unicode file recognition:  false
2016-08-31 10:26:30,444 - FileResourceLoader : adding path '.'
2016-08-31 10:26:30,451 - ResourceCache: initialized (class org.apache.velocity.runtime.resource.ResourceCacheImpl) with class java.util.Collections$SynchronizedMap cache map.
2016-08-31 10:26:30,452 - Loaded System Directive: org.apache.velocity.runtime.directive.Stop
2016-08-31 10:26:30,453 - Loaded System Directive: org.apache.velocity.runtime.directive.Define
2016-08-31 10:26:30,453 - Loaded System Directive: org.apache.velocity.runtime.directive.Break
2016-08-31 10:26:30,454 - Loaded System Directive: org.apache.velocity.runtime.directive.Evaluate
2016-08-31 10:26:30,454 - Loaded System Directive: org.apache.velocity.runtime.directive.Literal
2016-08-31 10:26:30,455 - Loaded System Directive: org.apache.velocity.runtime.directive.Macro
2016-08-31 10:26:30,456 - Loaded System Directive: org.apache.velocity.runtime.directive.Parse
2016-08-31 10:26:30,457 - Loaded System Directive: org.apache.velocity.runtime.directive.Include
2016-08-31 10:26:30,457 - Loaded System Directive: org.apache.velocity.runtime.directive.Foreach
2016-08-31 10:26:30,475 - Created '20' parsers.
2016-08-31 10:26:30,479 - Velocimacro : "velocimacro.library" is not set.  Trying default library: VM_global_library.vm
2016-08-31 10:26:30,479 - Velocimacro : Default library not found.
2016-08-31 10:26:30,479 - Velocimacro : allowInline = true : VMs can be defined inline in templates
2016-08-31 10:26:30,479 - Velocimacro : allowInlineToOverride = false : VMs defined inline may NOT replace previous VM definitions
2016-08-31 10:26:30,479 - Velocimacro : allowInlineLocal = false : VMs defined inline will be global in scope if allowed.
2016-08-31 10:26:30,479 - Velocimacro : autoload off : VM system will not automatically reload global library macros
2016-08-31 10:53:43,049 - Log4JLogChute initialized using file 'velocity.log'
2016-08-31 10:53:43,049 - Initializing Velocity, Calling init()...
2016-08-31 10:53:43,049 - Starting Apache Velocity v1.7 (compiled: 2010-11-19 12:14:37)
2016-08-31 10:53:43,049 - Default Properties File: org\apache\velocity\runtime\defaults\velocity.properties
2016-08-31 10:53:43,049 - Trying to use logger class org.apache.velocity.runtime.log.AvalonLogChute
2016-08-31 10:53:43,049 - Target log system for org.apache.velocity.runtime.log.AvalonLogChute is not available (java.lang.NoClassDefFoundError: org/apache/log/format/Formatter).  Falling back to next log system...
2016-08-31 10:53:43,049 - Trying to use logger class org.apache.velocity.runtime.log.Log4JLogChute
2016-08-31 10:53:43,050 - Using logger class org.apache.velocity.runtime.log.Log4JLogChute
2016-08-31 10:53:43,053 - ResourceLoader instantiated: org.apache.velocity.runtime.resource.loader.FileResourceLoader
2016-08-31 10:53:43,053 - Do unicode file recognition:  false
2016-08-31 10:53:43,053 - FileResourceLoader : adding path '.'
2016-08-31 10:53:43,060 - ResourceCache: initialized (class org.apache.velocity.runtime.resource.ResourceCacheImpl) with class java.util.Collections$SynchronizedMap cache map.
2016-08-31 10:53:43,061 - Loaded System Directive: org.apache.velocity.runtime.directive.Stop
2016-08-31 10:53:43,062 - Loaded System Directive: org.apache.velocity.runtime.directive.Define
2016-08-31 10:53:43,062 - Loaded System Directive: org.apache.velocity.runtime.directive.Break
2016-08-31 10:53:43,062 - Loaded System Directive: org.apache.velocity.runtime.directive.Evaluate
2016-08-31 10:53:43,063 - Loaded System Directive: org.apache.velocity.runtime.directive.Literal
2016-08-31 10:53:43,063 - Loaded System Directive: org.apache.velocity.runtime.directive.Macro
2016-08-31 10:53:43,064 - Loaded System Directive: org.apache.velocity.runtime.directive.Parse
2016-08-31 10:53:43,065 - Loaded System Directive: org.apache.velocity.runtime.directive.Include
2016-08-31 10:53:43,065 - Loaded System Directive: org.apache.velocity.runtime.directive.Foreach
2016-08-31 10:53:43,091 - Created '20' parsers.
2016-08-31 10:53:43,095 - Velocimacro : "velocimacro.library" is not set.  Trying default library: VM_global_library.vm
2016-08-31 10:53:43,095 - Velocimacro : Default library not found.
2016-08-31 10:53:43,095 - Velocimacro : allowInline = true : VMs can be defined inline in templates
2016-08-31 10:53:43,095 - Velocimacro : allowInlineToOverride = false : VMs defined inline may NOT replace previous VM definitions
2016-08-31 10:53:43,095 - Velocimacro : allowInlineLocal = false : VMs defined inline will be global in scope if allowed.
2016-08-31 10:53:43,095 - Velocimacro : autoload off : VM system will not automatically reload global library macros
2016-08-31 10:55:07,454 - Log4JLogChute initialized using file 'velocity.log'
2016-08-31 10:55:07,454 - Initializing Velocity, Calling init()...
2016-08-31 10:55:07,454 - Starting Apache Velocity v1.7 (compiled: 2010-11-19 12:14:37)
2016-08-31 10:55:07,454 - Default Properties File: org\apache\velocity\runtime\defaults\velocity.properties
2016-08-31 10:55:07,454 - Trying to use logger class org.apache.velocity.runtime.log.AvalonLogChute
2016-08-31 10:55:07,454 - Target log system for org.apache.velocity.runtime.log.AvalonLogChute is not available (java.lang.NoClassDefFoundError: org/apache/log/format/Formatter).  Falling back to next log system...
2016-08-31 10:55:07,454 - Trying to use logger class org.apache.velocity.runtime.log.Log4JLogChute
2016-08-31 10:55:07,454 - Using logger class org.apache.velocity.runtime.log.Log4JLogChute
2016-08-31 10:55:07,457 - ResourceLoader instantiated: org.apache.velocity.runtime.resource.loader.FileResourceLoader
2016-08-31 10:55:07,458 - Do unicode file recognition:  false
2016-08-31 10:55:07,458 - FileResourceLoader : adding path '.'
2016-08-31 10:55:07,464 - ResourceCache: initialized (class org.apache.velocity.runtime.resource.ResourceCacheImpl) with class java.util.Collections$SynchronizedMap cache map.
2016-08-31 10:55:07,465 - Loaded System Directive: org.apache.velocity.runtime.directive.Stop
2016-08-31 10:55:07,466 - Loaded System Directive: org.apache.velocity.runtime.directive.Define
2016-08-31 10:55:07,466 - Loaded System Directive: org.apache.velocity.runtime.directive.Break
2016-08-31 10:55:07,467 - Loaded System Directive: org.apache.velocity.runtime.directive.Evaluate
2016-08-31 10:55:07,467 - Loaded System Directive: org.apache.velocity.runtime.directive.Literal
2016-08-31 10:55:07,468 - Loaded System Directive: org.apache.velocity.runtime.directive.Macro
2016-08-31 10:55:07,469 - Loaded System Directive: org.apache.velocity.runtime.directive.Parse
2016-08-31 10:55:07,469 - Loaded System Directive: org.apache.velocity.runtime.directive.Include
2016-08-31 10:55:07,470 - Loaded System Directive: org.apache.velocity.runtime.directive.Foreach
2016-08-31 10:55:07,486 - Created '20' parsers.
2016-08-31 10:55:07,489 - Velocimacro : "velocimacro.library" is not set.  Trying default library: VM_global_library.vm
2016-08-31 10:55:07,489 - Velocimacro : Default library not found.
2016-08-31 10:55:07,489 - Velocimacro : allowInline = true : VMs can be defined inline in templates
2016-08-31 10:55:07,489 - Velocimacro : allowInlineToOverride = false : VMs defined inline may NOT replace previous VM definitions
2016-08-31 10:55:07,489 - Velocimacro : allowInlineLocal = false : VMs defined inline will be global in scope if allowed.
2016-08-31 10:55:07,489 - Velocimacro : autoload off : VM system will not automatically reload global library macros
2016-08-31 10:58:10,281 - Log4JLogChute initialized using file 'velocity.log'
2016-08-31 10:58:10,281 - Initializing Velocity, Calling init()...
2016-08-31 10:58:10,281 - Starting Apache Velocity v1.7 (compiled: 2010-11-19 12:14:37)
2016-08-31 10:58:10,281 - Default Properties File: org\apache\velocity\runtime\defaults\velocity.properties
2016-08-31 10:58:10,281 - Trying to use logger class org.apache.velocity.runtime.log.AvalonLogChute
2016-08-31 10:58:10,281 - Target log system for org.apache.velocity.runtime.log.AvalonLogChute is not available (java.lang.NoClassDefFoundError: org/apache/log/format/Formatter).  Falling back to next log system...
2016-08-31 10:58:10,281 - Trying to use logger class org.apache.velocity.runtime.log.Log4JLogChute
2016-08-31 10:58:10,281 - Using logger class org.apache.velocity.runtime.log.Log4JLogChute
2016-08-31 10:58:10,285 - ResourceLoader instantiated: org.apache.velocity.runtime.resource.loader.FileResourceLoader
2016-08-31 10:58:10,285 - Do unicode file recognition:  false
2016-08-31 10:58:10,286 - FileResourceLoader : adding path '.'
2016-08-31 10:58:10,292 - ResourceCache: initialized (class org.apache.velocity.runtime.resource.ResourceCacheImpl) with class java.util.Collections$SynchronizedMap cache map.
2016-08-31 10:58:10,293 - Loaded System Directive: org.apache.velocity.runtime.directive.Stop
2016-08-31 10:58:10,293 - Loaded System Directive: org.apache.velocity.runtime.directive.Define
2016-08-31 10:58:10,294 - Loaded System Directive: org.apache.velocity.runtime.directive.Break
2016-08-31 10:58:10,294 - Loaded System Directive: org.apache.velocity.runtime.directive.Evaluate
2016-08-31 10:58:10,294 - Loaded System Directive: org.apache.velocity.runtime.directive.Literal
2016-08-31 10:58:10,295 - Loaded System Directive: org.apache.velocity.runtime.directive.Macro
2016-08-31 10:58:10,296 - Loaded System Directive: org.apache.velocity.runtime.directive.Parse
2016-08-31 10:58:10,296 - Loaded System Directive: org.apache.velocity.runtime.directive.Include
2016-08-31 10:58:10,297 - Loaded System Directive: org.apache.velocity.runtime.directive.Foreach
2016-08-31 10:58:10,316 - Created '20' parsers.
2016-08-31 10:58:10,319 - Velocimacro : "velocimacro.library" is not set.  Trying default library: VM_global_library.vm
2016-08-31 10:58:10,319 - Velocimacro : Default library not found.
2016-08-31 10:58:10,319 - Velocimacro : allowInline = true : VMs can be defined inline in templates
2016-08-31 10:58:10,319 - Velocimacro : allowInlineToOverride = false : VMs defined inline may NOT replace previous VM definitions
2016-08-31 10:58:10,319 - Velocimacro : allowInlineLocal = false : VMs defined inline will be global in scope if allowed.
2016-08-31 10:58:10,319 - Velocimacro : autoload off : VM system will not automatically reload global library macros
2016-08-31 11:00:23,782 - Log4JLogChute initialized using file 'velocity.log'
2016-08-31 11:00:23,782 - Initializing Velocity, Calling init()...
2016-08-31 11:00:23,782 - Starting Apache Velocity v1.7 (compiled: 2010-11-19 12:14:37)
2016-08-31 11:00:23,782 - Default Properties File: org\apache\velocity\runtime\defaults\velocity.properties
2016-08-31 11:00:23,782 - Trying to use logger class org.apache.velocity.runtime.log.AvalonLogChute
2016-08-31 11:00:23,782 - Target log system for org.apache.velocity.runtime.log.AvalonLogChute is not available (java.lang.NoClassDefFoundError: org/apache/log/format/Formatter).  Falling back to next log system...
2016-08-31 11:00:23,782 - Trying to use logger class org.apache.velocity.runtime.log.Log4JLogChute
2016-08-31 11:00:23,782 - Using logger class org.apache.velocity.runtime.log.Log4JLogChute
2016-08-31 11:00:23,785 - ResourceLoader instantiated: org.apache.velocity.runtime.resource.loader.FileResourceLoader
2016-08-31 11:00:23,785 - Do unicode file recognition:  false
2016-08-31 11:00:23,785 - FileResourceLoader : adding path '.'
2016-08-31 11:00:23,792 - ResourceCache: initialized (class org.apache.velocity.runtime.resource.ResourceCacheImpl) with class java.util.Collections$SynchronizedMap cache map.
2016-08-31 11:00:23,793 - Loaded System Directive: org.apache.velocity.runtime.directive.Stop
2016-08-31 11:00:23,794 - Loaded System Directive: org.apache.velocity.runtime.directive.Define
2016-08-31 11:00:23,794 - Loaded System Directive: org.apache.velocity.runtime.directive.Break
2016-08-31 11:00:23,795 - Loaded System Directive: org.apache.velocity.runtime.directive.Evaluate
2016-08-31 11:00:23,795 - Loaded System Directive: org.apache.velocity.runtime.directive.Literal
2016-08-31 11:00:23,796 - Loaded System Directive: org.apache.velocity.runtime.directive.Macro
2016-08-31 11:00:23,797 - Loaded System Directive: org.apache.velocity.runtime.directive.Parse
2016-08-31 11:00:23,797 - Loaded System Directive: org.apache.velocity.runtime.directive.Include
2016-08-31 11:00:23,798 - Loaded System Directive: org.apache.velocity.runtime.directive.Foreach
2016-08-31 11:00:23,815 - Created '20' parsers.
2016-08-31 11:00:23,818 - Velocimacro : "velocimacro.library" is not set.  Trying default library: VM_global_library.vm
2016-08-31 11:00:23,818 - Velocimacro : Default library not found.
2016-08-31 11:00:23,818 - Velocimacro : allowInline = true : VMs can be defined inline in templates
2016-08-31 11:00:23,818 - Velocimacro : allowInlineToOverride = false : VMs defined inline may NOT replace previous VM definitions
2016-08-31 11:00:23,818 - Velocimacro : allowInlineLocal = false : VMs defined inline will be global in scope if allowed.
2016-08-31 11:00:23,818 - Velocimacro : autoload off : VM system will not automatically reload global library macros
2016-08-31 11:02:39,301 - Log4JLogChute initialized using file 'velocity.log'
2016-08-31 11:02:39,302 - Initializing Velocity, Calling init()...
2016-08-31 11:02:39,302 - Starting Apache Velocity v1.7 (compiled: 2010-11-19 12:14:37)
2016-08-31 11:02:39,302 - Default Properties File: org\apache\velocity\runtime\defaults\velocity.properties
2016-08-31 11:02:39,302 - Trying to use logger class org.apache.velocity.runtime.log.AvalonLogChute
2016-08-31 11:02:39,302 - Target log system for org.apache.velocity.runtime.log.AvalonLogChute is not available (java.lang.NoClassDefFoundError: org/apache/log/format/Formatter).  Falling back to next log system...
2016-08-31 11:02:39,302 - Trying to use logger class org.apache.velocity.runtime.log.Log4JLogChute
2016-08-31 11:02:39,302 - Using logger class org.apache.velocity.runtime.log.Log4JLogChute
2016-08-31 11:02:39,305 - ResourceLoader instantiated: org.apache.velocity.runtime.resource.loader.FileResourceLoader
2016-08-31 11:02:39,305 - Do unicode file recognition:  false
2016-08-31 11:02:39,305 - FileResourceLoader : adding path '.'
2016-08-31 11:02:39,312 - ResourceCache: initialized (class org.apache.velocity.runtime.resource.ResourceCacheImpl) with class java.util.Collections$SynchronizedMap cache map.
2016-08-31 11:02:39,313 - Loaded System Directive: org.apache.velocity.runtime.directive.Stop
2016-08-31 11:02:39,313 - Loaded System Directive: org.apache.velocity.runtime.directive.Define
2016-08-31 11:02:39,314 - Loaded System Directive: org.apache.velocity.runtime.directive.Break
2016-08-31 11:02:39,314 - Loaded System Directive: org.apache.velocity.runtime.directive.Evaluate
2016-08-31 11:02:39,314 - Loaded System Directive: org.apache.velocity.runtime.directive.Literal
2016-08-31 11:02:39,315 - Loaded System Directive: org.apache.velocity.runtime.directive.Macro
2016-08-31 11:02:39,316 - Loaded System Directive: org.apache.velocity.runtime.directive.Parse
2016-08-31 11:02:39,316 - Loaded System Directive: org.apache.velocity.runtime.directive.Include
2016-08-31 11:02:39,317 - Loaded System Directive: org.apache.velocity.runtime.directive.Foreach
2016-08-31 11:02:39,334 - Created '20' parsers.
2016-08-31 11:02:39,337 - Velocimacro : "velocimacro.library" is not set.  Trying default library: VM_global_library.vm
2016-08-31 11:02:39,338 - Velocimacro : Default library not found.
2016-08-31 11:02:39,338 - Velocimacro : allowInline = true : VMs can be defined inline in templates
2016-08-31 11:02:39,338 - Velocimacro : allowInlineToOverride = false : VMs defined inline may NOT replace previous VM definitions
2016-08-31 11:02:39,338 - Velocimacro : allowInlineLocal = false : VMs defined inline will be global in scope if allowed.
2016-08-31 11:02:39,338 - Velocimacro : autoload off : VM system will not automatically reload global library macros
2016-08-31 14:26:31,688 - Log4JLogChute initialized using file 'velocity.log'
2016-08-31 14:26:31,688 - Initializing Velocity, Calling init()...
2016-08-31 14:26:31,688 - Starting Apache Velocity v1.7 (compiled: 2010-11-19 12:14:37)
2016-08-31 14:26:31,688 - Default Properties File: org\apache\velocity\runtime\defaults\velocity.properties
2016-08-31 14:26:31,688 - Trying to use logger class org.apache.velocity.runtime.log.AvalonLogChute
2016-08-31 14:26:31,688 - Target log system for org.apache.velocity.runtime.log.AvalonLogChute is not available (java.lang.NoClassDefFoundError: org/apache/log/format/Formatter).  Falling back to next log system...
2016-08-31 14:26:31,688 - Trying to use logger class org.apache.velocity.runtime.log.Log4JLogChute
2016-08-31 14:26:31,688 - Using logger class org.apache.velocity.runtime.log.Log4JLogChute
2016-08-31 14:26:31,688 - ResourceLoader instantiated: org.apache.velocity.runtime.resource.loader.FileResourceLoader
2016-08-31 14:26:31,688 - Do unicode file recognition:  false
2016-08-31 14:26:31,688 - FileResourceLoader : adding path '.'
2016-08-31 14:26:31,798 - ResourceCache: initialized (class org.apache.velocity.runtime.resource.ResourceCacheImpl) with class java.util.Collections$SynchronizedMap cache map.
2016-08-31 14:26:31,798 - Loaded System Directive: org.apache.velocity.runtime.directive.Stop
2016-08-31 14:26:31,798 - Loaded System Directive: org.apache.velocity.runtime.directive.Define
2016-08-31 14:26:31,798 - Loaded System Directive: org.apache.velocity.runtime.directive.Break
2016-08-31 14:26:31,798 - Loaded System Directive: org.apache.velocity.runtime.directive.Evaluate
2016-08-31 14:26:31,798 - Loaded System Directive: org.apache.velocity.runtime.directive.Literal
2016-08-31 14:26:31,798 - Loaded System Directive: org.apache.velocity.runtime.directive.Macro
2016-08-31 14:26:31,798 - Loaded System Directive: org.apache.velocity.runtime.directive.Parse
2016-08-31 14:26:31,798 - Loaded System Directive: org.apache.velocity.runtime.directive.Include
2016-08-31 14:26:31,798 - Loaded System Directive: org.apache.velocity.runtime.directive.Foreach
2016-08-31 14:26:31,813 - Created '20' parsers.
2016-08-31 14:26:31,829 - Velocimacro : "velocimacro.library" is not set.  Trying default library: VM_global_library.vm
2016-08-31 14:26:31,829 - Velocimacro : Default library not found.
2016-08-31 14:26:31,829 - Velocimacro : allowInline = true : VMs can be defined inline in templates
2016-08-31 14:26:31,829 - Velocimacro : allowInlineToOverride = false : VMs defined inline may NOT replace previous VM definitions
2016-08-31 14:26:31,829 - Velocimacro : allowInlineLocal = false : VMs defined inline will be global in scope if allowed.
2016-08-31 14:26:31,829 - Velocimacro : autoload off : VM system will not automatically reload global library macros
2016-08-31 14:27:35,352 - Log4JLogChute initialized using file 'velocity.log'
2016-08-31 14:27:35,352 - Initializing Velocity, Calling init()...
2016-08-31 14:27:35,352 - Starting Apache Velocity v1.7 (compiled: 2010-11-19 12:14:37)
2016-08-31 14:27:35,352 - Default Properties File: org\apache\velocity\runtime\defaults\velocity.properties
2016-08-31 14:27:35,353 - Trying to use logger class org.apache.velocity.runtime.log.AvalonLogChute
2016-08-31 14:27:35,353 - Target log system for org.apache.velocity.runtime.log.AvalonLogChute is not available (java.lang.NoClassDefFoundError: org/apache/log/format/Formatter).  Falling back to next log system...
2016-08-31 14:27:35,353 - Trying to use logger class org.apache.velocity.runtime.log.Log4JLogChute
2016-08-31 14:27:35,353 - Using logger class org.apache.velocity.runtime.log.Log4JLogChute
2016-08-31 14:27:35,356 - ResourceLoader instantiated: org.apache.velocity.runtime.resource.loader.FileResourceLoader
2016-08-31 14:27:35,356 - Do unicode file recognition:  false
2016-08-31 14:27:35,356 - FileResourceLoader : adding path '.'
2016-08-31 14:27:35,364 - ResourceCache: initialized (class org.apache.velocity.runtime.resource.ResourceCacheImpl) with class java.util.Collections$SynchronizedMap cache map.
2016-08-31 14:27:35,365 - Loaded System Directive: org.apache.velocity.runtime.directive.Stop
2016-08-31 14:27:35,365 - Loaded System Directive: org.apache.velocity.runtime.directive.Define
2016-08-31 14:27:35,366 - Loaded System Directive: org.apache.velocity.runtime.directive.Break
2016-08-31 14:27:35,366 - Loaded System Directive: org.apache.velocity.runtime.directive.Evaluate
2016-08-31 14:27:35,367 - Loaded System Directive: org.apache.velocity.runtime.directive.Literal
2016-08-31 14:27:35,368 - Loaded System Directive: org.apache.velocity.runtime.directive.Macro
2016-08-31 14:27:35,370 - Loaded System Directive: org.apache.velocity.runtime.directive.Parse
2016-08-31 14:27:35,370 - Loaded System Directive: org.apache.velocity.runtime.directive.Include
2016-08-31 14:27:35,371 - Loaded System Directive: org.apache.velocity.runtime.directive.Foreach
2016-08-31 14:27:35,393 - Created '20' parsers.
2016-08-31 14:27:35,397 - Velocimacro : "velocimacro.library" is not set.  Trying default library: VM_global_library.vm
2016-08-31 14:27:35,397 - Velocimacro : Default library not found.
2016-08-31 14:27:35,398 - Velocimacro : allowInline = true : VMs can be defined inline in templates
2016-08-31 14:27:35,398 - Velocimacro : allowInlineToOverride = false : VMs defined inline may NOT replace previous VM definitions
2016-08-31 14:27:35,398 - Velocimacro : allowInlineLocal = false : VMs defined inline will be global in scope if allowed.
2016-08-31 14:27:35,398 - Velocimacro : autoload off : VM system will not automatically reload global library macros
2016-08-31 14:28:17,379 - Log4JLogChute initialized using file 'velocity.log'
2016-08-31 14:28:17,379 - Initializing Velocity, Calling init()...
2016-08-31 14:28:17,379 - Starting Apache Velocity v1.7 (compiled: 2010-11-19 12:14:37)
2016-08-31 14:28:17,379 - Default Properties File: org\apache\velocity\runtime\defaults\velocity.properties
2016-08-31 14:28:17,379 - Trying to use logger class org.apache.velocity.runtime.log.AvalonLogChute
2016-08-31 14:28:17,379 - Target log system for org.apache.velocity.runtime.log.AvalonLogChute is not available (java.lang.NoClassDefFoundError: org/apache/log/format/Formatter).  Falling back to next log system...
2016-08-31 14:28:17,379 - Trying to use logger class org.apache.velocity.runtime.log.Log4JLogChute
2016-08-31 14:28:17,379 - Using logger class org.apache.velocity.runtime.log.Log4JLogChute
2016-08-31 14:28:17,379 - ResourceLoader instantiated: org.apache.velocity.runtime.resource.loader.FileResourceLoader
2016-08-31 14:28:17,379 - Do unicode file recognition:  false
2016-08-31 14:28:17,379 - FileResourceLoader : adding path '.'
2016-08-31 14:28:17,389 - ResourceCache: initialized (class org.apache.velocity.runtime.resource.ResourceCacheImpl) with class java.util.Collections$SynchronizedMap cache map.
2016-08-31 14:28:17,389 - Loaded System Directive: org.apache.velocity.runtime.directive.Stop
2016-08-31 14:28:17,389 - Loaded System Directive: org.apache.velocity.runtime.directive.Define
2016-08-31 14:28:17,389 - Loaded System Directive: org.apache.velocity.runtime.directive.Break
2016-08-31 14:28:17,389 - Loaded System Directive: org.apache.velocity.runtime.directive.Evaluate
2016-08-31 14:28:17,389 - Loaded System Directive: org.apache.velocity.runtime.directive.Literal
2016-08-31 14:28:17,389 - Loaded System Directive: org.apache.velocity.runtime.directive.Macro
2016-08-31 14:28:17,389 - Loaded System Directive: org.apache.velocity.runtime.directive.Parse
2016-08-31 14:28:17,399 - Loaded System Directive: org.apache.velocity.runtime.directive.Include
2016-08-31 14:28:17,399 - Loaded System Directive: org.apache.velocity.runtime.directive.Foreach
2016-08-31 14:28:17,419 - Created '20' parsers.
2016-08-31 14:28:17,419 - Velocimacro : "velocimacro.library" is not set.  Trying default library: VM_global_library.vm
2016-08-31 14:28:17,419 - Velocimacro : Default library not found.
2016-08-31 14:28:17,419 - Velocimacro : allowInline = true : VMs can be defined inline in templates
2016-08-31 14:28:17,419 - Velocimacro : allowInlineToOverride = false : VMs defined inline may NOT replace previous VM definitions
2016-08-31 14:28:17,419 - Velocimacro : allowInlineLocal = false : VMs defined inline will be global in scope if allowed.
2016-08-31 14:28:17,419 - Velocimacro : autoload off : VM system will not automatically reload global library macros
2016-08-31 14:35:47,742 - Log4JLogChute initialized using file 'velocity.log'
2016-08-31 14:35:47,743 - Initializing Velocity, Calling init()...
2016-08-31 14:35:47,743 - Starting Apache Velocity v1.7 (compiled: 2010-11-19 12:14:37)
2016-08-31 14:35:47,743 - Default Properties File: org\apache\velocity\runtime\defaults\velocity.properties
2016-08-31 14:35:47,743 - Trying to use logger class org.apache.velocity.runtime.log.AvalonLogChute
2016-08-31 14:35:47,743 - Target log system for org.apache.velocity.runtime.log.AvalonLogChute is not available (java.lang.NoClassDefFoundError: org/apache/log/format/Formatter).  Falling back to next log system...
2016-08-31 14:35:47,743 - Trying to use logger class org.apache.velocity.runtime.log.Log4JLogChute
2016-08-31 14:35:47,743 - Using logger class org.apache.velocity.runtime.log.Log4JLogChute
2016-08-31 14:35:47,745 - ResourceLoader instantiated: org.apache.velocity.runtime.resource.loader.FileResourceLoader
2016-08-31 14:35:47,746 - Do unicode file recognition:  false
2016-08-31 14:35:47,746 - FileResourceLoader : adding path '.'
2016-08-31 14:35:47,752 - ResourceCache: initialized (class org.apache.velocity.runtime.resource.ResourceCacheImpl) with class java.util.Collections$SynchronizedMap cache map.
2016-08-31 14:35:47,753 - Loaded System Directive: org.apache.velocity.runtime.directive.Stop
2016-08-31 14:35:47,754 - Loaded System Directive: org.apache.velocity.runtime.directive.Define
2016-08-31 14:35:47,754 - Loaded System Directive: org.apache.velocity.runtime.directive.Break
2016-08-31 14:35:47,755 - Loaded System Directive: org.apache.velocity.runtime.directive.Evaluate
2016-08-31 14:35:47,755 - Loaded System Directive: org.apache.velocity.runtime.directive.Literal
2016-08-31 14:35:47,756 - Loaded System Directive: org.apache.velocity.runtime.directive.Macro
2016-08-31 14:35:47,756 - Loaded System Directive: org.apache.velocity.runtime.directive.Parse
2016-08-31 14:35:47,757 - Loaded System Directive: org.apache.velocity.runtime.directive.Include
2016-08-31 14:35:47,758 - Loaded System Directive: org.apache.velocity.runtime.directive.Foreach
2016-08-31 14:35:47,775 - Created '20' parsers.
2016-08-31 14:35:47,778 - Velocimacro : "velocimacro.library" is not set.  Trying default library: VM_global_library.vm
2016-08-31 14:35:47,778 - Velocimacro : Default library not found.
2016-08-31 14:35:47,778 - Velocimacro : allowInline = true : VMs can be defined inline in templates
2016-08-31 14:35:47,778 - Velocimacro : allowInlineToOverride = false : VMs defined inline may NOT replace previous VM definitions
2016-08-31 14:35:47,778 - Velocimacro : allowInlineLocal = false : VMs defined inline will be global in scope if allowed.
2016-08-31 14:35:47,778 - Velocimacro : autoload off : VM system will not automatically reload global library macros
2016-08-31 14:39:36,774 - Log4JLogChute initialized using file 'velocity.log'
2016-08-31 14:39:36,775 - Initializing Velocity, Calling init()...
2016-08-31 14:39:36,775 - Starting Apache Velocity v1.7 (compiled: 2010-11-19 12:14:37)
2016-08-31 14:39:36,775 - Default Properties File: org\apache\velocity\runtime\defaults\velocity.properties
2016-08-31 14:39:36,775 - Trying to use logger class org.apache.velocity.runtime.log.AvalonLogChute
2016-08-31 14:39:36,775 - Target log system for org.apache.velocity.runtime.log.AvalonLogChute is not available (java.lang.NoClassDefFoundError: org/apache/log/format/Formatter).  Falling back to next log system...
2016-08-31 14:39:36,775 - Trying to use logger class org.apache.velocity.runtime.log.Log4JLogChute
2016-08-31 14:39:36,775 - Using logger class org.apache.velocity.runtime.log.Log4JLogChute
2016-08-31 14:39:36,778 - ResourceLoader instantiated: org.apache.velocity.runtime.resource.loader.FileResourceLoader
2016-08-31 14:39:36,779 - Do unicode file recognition:  false
2016-08-31 14:39:36,779 - FileResourceLoader : adding path '.'
2016-08-31 14:39:36,785 - ResourceCache: initialized (class org.apache.velocity.runtime.resource.ResourceCacheImpl) with class java.util.Collections$SynchronizedMap cache map.
2016-08-31 14:39:36,786 - Loaded System Directive: org.apache.velocity.runtime.directive.Stop
2016-08-31 14:39:36,786 - Loaded System Directive: org.apache.velocity.runtime.directive.Define
2016-08-31 14:39:36,787 - Loaded System Directive: org.apache.velocity.runtime.directive.Break
2016-08-31 14:39:36,787 - Loaded System Directive: org.apache.velocity.runtime.directive.Evaluate
2016-08-31 14:39:36,787 - Loaded System Directive: org.apache.velocity.runtime.directive.Literal
2016-08-31 14:39:36,788 - Loaded System Directive: org.apache.velocity.runtime.directive.Macro
2016-08-31 14:39:36,789 - Loaded System Directive: org.apache.velocity.runtime.directive.Parse
2016-08-31 14:39:36,789 - Loaded System Directive: org.apache.velocity.runtime.directive.Include
2016-08-31 14:39:36,790 - Loaded System Directive: org.apache.velocity.runtime.directive.Foreach
2016-08-31 14:39:36,806 - Created '20' parsers.
2016-08-31 14:39:36,809 - Velocimacro : "velocimacro.library" is not set.  Trying default library: VM_global_library.vm
2016-08-31 14:39:36,810 - Velocimacro : Default library not found.
2016-08-31 14:39:36,810 - Velocimacro : allowInline = true : VMs can be defined inline in templates
2016-08-31 14:39:36,810 - Velocimacro : allowInlineToOverride = false : VMs defined inline may NOT replace previous VM definitions
2016-08-31 14:39:36,810 - Velocimacro : allowInlineLocal = false : VMs defined inline will be global in scope if allowed.
2016-08-31 14:39:36,810 - Velocimacro : autoload off : VM system will not automatically reload global library macros
2016-08-31 14:40:22,847 - Log4JLogChute initialized using file 'velocity.log'
2016-08-31 14:40:22,847 - Initializing Velocity, Calling init()...
2016-08-31 14:40:22,847 - Starting Apache Velocity v1.7 (compiled: 2010-11-19 12:14:37)
2016-08-31 14:40:22,847 - Default Properties File: org\apache\velocity\runtime\defaults\velocity.properties
2016-08-31 14:40:22,847 - Trying to use logger class org.apache.velocity.runtime.log.AvalonLogChute
2016-08-31 14:40:22,847 - Target log system for org.apache.velocity.runtime.log.AvalonLogChute is not available (java.lang.NoClassDefFoundError: org/apache/log/format/Formatter).  Falling back to next log system...
2016-08-31 14:40:22,847 - Trying to use logger class org.apache.velocity.runtime.log.Log4JLogChute
2016-08-31 14:40:22,847 - Using logger class org.apache.velocity.runtime.log.Log4JLogChute
2016-08-31 14:40:22,850 - ResourceLoader instantiated: org.apache.velocity.runtime.resource.loader.FileResourceLoader
2016-08-31 14:40:22,850 - Do unicode file recognition:  false
2016-08-31 14:40:22,850 - FileResourceLoader : adding path '.'
2016-08-31 14:40:22,857 - ResourceCache: initialized (class org.apache.velocity.runtime.resource.ResourceCacheImpl) with class java.util.Collections$SynchronizedMap cache map.
2016-08-31 14:40:22,858 - Loaded System Directive: org.apache.velocity.runtime.directive.Stop
2016-08-31 14:40:22,858 - Loaded System Directive: org.apache.velocity.runtime.directive.Define
2016-08-31 14:40:22,859 - Loaded System Directive: org.apache.velocity.runtime.directive.Break
2016-08-31 14:40:22,859 - Loaded System Directive: org.apache.velocity.runtime.directive.Evaluate
2016-08-31 14:40:22,859 - Loaded System Directive: org.apache.velocity.runtime.directive.Literal
2016-08-31 14:40:22,860 - Loaded System Directive: org.apache.velocity.runtime.directive.Macro
2016-08-31 14:40:22,861 - Loaded System Directive: org.apache.velocity.runtime.directive.Parse
2016-08-31 14:40:22,862 - Loaded System Directive: org.apache.velocity.runtime.directive.Include
2016-08-31 14:40:22,863 - Loaded System Directive: org.apache.velocity.runtime.directive.Foreach
2016-08-31 14:40:22,880 - Created '20' parsers.
2016-08-31 14:40:22,883 - Velocimacro : "velocimacro.library" is not set.  Trying default library: VM_global_library.vm
2016-08-31 14:40:22,883 - Velocimacro : Default library not found.
2016-08-31 14:40:22,883 - Velocimacro : allowInline = true : VMs can be defined inline in templates
2016-08-31 14:40:22,883 - Velocimacro : allowInlineToOverride = false : VMs defined inline may NOT replace previous VM definitions
2016-08-31 14:40:22,884 - Velocimacro : allowInlineLocal = false : VMs defined inline will be global in scope if allowed.
2016-08-31 14:40:22,884 - Velocimacro : autoload off : VM system will not automatically reload global library macros
2016-08-31 14:42:06,200 - Log4JLogChute initialized using file 'velocity.log'
2016-08-31 14:42:06,200 - Initializing Velocity, Calling init()...
2016-08-31 14:42:06,200 - Starting Apache Velocity v1.7 (compiled: 2010-11-19 12:14:37)
2016-08-31 14:42:06,200 - Default Properties File: org\apache\velocity\runtime\defaults\velocity.properties
2016-08-31 14:42:06,200 - Trying to use logger class org.apache.velocity.runtime.log.AvalonLogChute
2016-08-31 14:42:06,200 - Target log system for org.apache.velocity.runtime.log.AvalonLogChute is not available (java.lang.NoClassDefFoundError: org/apache/log/format/Formatter).  Falling back to next log system...
2016-08-31 14:42:06,200 - Trying to use logger class org.apache.velocity.runtime.log.Log4JLogChute
2016-08-31 14:42:06,200 - Using logger class org.apache.velocity.runtime.log.Log4JLogChute
2016-08-31 14:42:06,203 - ResourceLoader instantiated: org.apache.velocity.runtime.resource.loader.FileResourceLoader
2016-08-31 14:42:06,203 - Do unicode file recognition:  false
2016-08-31 14:42:06,203 - FileResourceLoader : adding path '.'
2016-08-31 14:42:06,210 - ResourceCache: initialized (class org.apache.velocity.runtime.resource.ResourceCacheImpl) with class java.util.Collections$SynchronizedMap cache map.
2016-08-31 14:42:06,210 - Loaded System Directive: org.apache.velocity.runtime.directive.Stop
2016-08-31 14:42:06,211 - Loaded System Directive: org.apache.velocity.runtime.directive.Define
2016-08-31 14:42:06,211 - Loaded System Directive: org.apache.velocity.runtime.directive.Break
2016-08-31 14:42:06,212 - Loaded System Directive: org.apache.velocity.runtime.directive.Evaluate
2016-08-31 14:42:06,212 - Loaded System Directive: org.apache.velocity.runtime.directive.Literal
2016-08-31 14:42:06,213 - Loaded System Directive: org.apache.velocity.runtime.directive.Macro
2016-08-31 14:42:06,213 - Loaded System Directive: org.apache.velocity.runtime.directive.Parse
2016-08-31 14:42:06,214 - Loaded System Directive: org.apache.velocity.runtime.directive.Include
2016-08-31 14:42:06,214 - Loaded System Directive: org.apache.velocity.runtime.directive.Foreach
2016-08-31 14:42:06,232 - Created '20' parsers.
2016-08-31 14:42:06,234 - Velocimacro : "velocimacro.library" is not set.  Trying default library: VM_global_library.vm
2016-08-31 14:42:06,235 - Velocimacro : Default library not found.
2016-08-31 14:42:06,235 - Velocimacro : allowInline = true : VMs can be defined inline in templates
2016-08-31 14:42:06,235 - Velocimacro : allowInlineToOverride = false : VMs defined inline may NOT replace previous VM definitions
2016-08-31 14:42:06,235 - Velocimacro : allowInlineLocal = false : VMs defined inline will be global in scope if allowed.
2016-08-31 14:42:06,235 - Velocimacro : autoload off : VM system will not automatically reload global library macros
2016-08-31 14:42:44,942 - Log4JLogChute initialized using file 'velocity.log'
2016-08-31 14:42:44,942 - Initializing Velocity, Calling init()...
2016-08-31 14:42:44,942 - Starting Apache Velocity v1.7 (compiled: 2010-11-19 12:14:37)
2016-08-31 14:42:44,942 - Default Properties File: org\apache\velocity\runtime\defaults\velocity.properties
2016-08-31 14:42:44,942 - Trying to use logger class org.apache.velocity.runtime.log.AvalonLogChute
2016-08-31 14:42:44,942 - Target log system for org.apache.velocity.runtime.log.AvalonLogChute is not available (java.lang.NoClassDefFoundError: org/apache/log/format/Formatter).  Falling back to next log system...
2016-08-31 14:42:44,942 - Trying to use logger class org.apache.velocity.runtime.log.Log4JLogChute
2016-08-31 14:42:44,942 - Using logger class org.apache.velocity.runtime.log.Log4JLogChute
2016-08-31 14:42:44,945 - ResourceLoader instantiated: org.apache.velocity.runtime.resource.loader.FileResourceLoader
2016-08-31 14:42:44,946 - Do unicode file recognition:  false
2016-08-31 14:42:44,946 - FileResourceLoader : adding path '.'
2016-08-31 14:42:44,953 - ResourceCache: initialized (class org.apache.velocity.runtime.resource.ResourceCacheImpl) with class java.util.Collections$SynchronizedMap cache map.
2016-08-31 14:42:44,953 - Loaded System Directive: org.apache.velocity.runtime.directive.Stop
2016-08-31 14:42:44,954 - Loaded System Directive: org.apache.velocity.runtime.directive.Define
2016-08-31 14:42:44,954 - Loaded System Directive: org.apache.velocity.runtime.directive.Break
2016-08-31 14:42:44,955 - Loaded System Directive: org.apache.velocity.runtime.directive.Evaluate
2016-08-31 14:42:44,955 - Loaded System Directive: org.apache.velocity.runtime.directive.Literal
2016-08-31 14:42:44,956 - Loaded System Directive: org.apache.velocity.runtime.directive.Macro
2016-08-31 14:42:44,956 - Loaded System Directive: org.apache.velocity.runtime.directive.Parse
2016-08-31 14:42:44,957 - Loaded System Directive: org.apache.velocity.runtime.directive.Include
2016-08-31 14:42:44,958 - Loaded System Directive: org.apache.velocity.runtime.directive.Foreach
2016-08-31 14:42:44,975 - Created '20' parsers.
2016-08-31 14:42:44,977 - Velocimacro : "velocimacro.library" is not set.  Trying default library: VM_global_library.vm
2016-08-31 14:42:44,978 - Velocimacro : Default library not found.
2016-08-31 14:42:44,978 - Velocimacro : allowInline = true : VMs can be defined inline in templates
2016-08-31 14:42:44,978 - Velocimacro : allowInlineToOverride = false : VMs defined inline may NOT replace previous VM definitions
2016-08-31 14:42:44,978 - Velocimacro : allowInlineLocal = false : VMs defined inline will be global in scope if allowed.
2016-08-31 14:42:44,978 - Velocimacro : autoload off : VM system will not automatically reload global library macros
2016-08-31 14:58:56,158 - Log4JLogChute initialized using file 'velocity.log'
2016-08-31 14:58:56,158 - Initializing Velocity, Calling init()...
2016-08-31 14:58:56,158 - Starting Apache Velocity v1.7 (compiled: 2010-11-19 12:14:37)
2016-08-31 14:58:56,158 - Default Properties File: org\apache\velocity\runtime\defaults\velocity.properties
2016-08-31 14:58:56,158 - Trying to use logger class org.apache.velocity.runtime.log.AvalonLogChute
2016-08-31 14:58:56,158 - Target log system for org.apache.velocity.runtime.log.AvalonLogChute is not available (java.lang.NoClassDefFoundError: org/apache/log/format/Formatter).  Falling back to next log system...
2016-08-31 14:58:56,158 - Trying to use logger class org.apache.velocity.runtime.log.Log4JLogChute
2016-08-31 14:58:56,158 - Using logger class org.apache.velocity.runtime.log.Log4JLogChute
2016-08-31 14:58:56,168 - ResourceLoader instantiated: org.apache.velocity.runtime.resource.loader.FileResourceLoader
2016-08-31 14:58:56,168 - Do unicode file recognition:  false
2016-08-31 14:58:56,168 - FileResourceLoader : adding path '.'
2016-08-31 14:58:56,168 - ResourceCache: initialized (class org.apache.velocity.runtime.resource.ResourceCacheImpl) with class java.util.Collections$SynchronizedMap cache map.
2016-08-31 14:58:56,168 - Loaded System Directive: org.apache.velocity.runtime.directive.Stop
2016-08-31 14:58:56,168 - Loaded System Directive: org.apache.velocity.runtime.directive.Define
2016-08-31 14:58:56,168 - Loaded System Directive: org.apache.velocity.runtime.directive.Break
2016-08-31 14:58:56,178 - Loaded System Directive: org.apache.velocity.runtime.directive.Evaluate
2016-08-31 14:58:56,178 - Loaded System Directive: org.apache.velocity.runtime.directive.Literal
2016-08-31 14:58:56,178 - Loaded System Directive: org.apache.velocity.runtime.directive.Macro
2016-08-31 14:58:56,178 - Loaded System Directive: org.apache.velocity.runtime.directive.Parse
2016-08-31 14:58:56,178 - Loaded System Directive: org.apache.velocity.runtime.directive.Include
2016-08-31 14:58:56,178 - Loaded System Directive: org.apache.velocity.runtime.directive.Foreach
2016-08-31 14:58:56,198 - Created '20' parsers.
2016-08-31 14:58:56,198 - Velocimacro : "velocimacro.library" is not set.  Trying default library: VM_global_library.vm
2016-08-31 14:58:56,198 - Velocimacro : Default library not found.
2016-08-31 14:58:56,198 - Velocimacro : allowInline = true : VMs can be defined inline in templates
2016-08-31 14:58:56,198 - Velocimacro : allowInlineToOverride = false : VMs defined inline may NOT replace previous VM definitions
2016-08-31 14:58:56,198 - Velocimacro : allowInlineLocal = false : VMs defined inline will be global in scope if allowed.
2016-08-31 14:58:56,198 - Velocimacro : autoload off : VM system will not automatically reload global library macros
